<?xml version="1.0" encoding="UTF-8"?>
<!-- Generated by org.testng.reporters.JUnitXMLReporter -->
<testsuite hostname="NP-SADEKUNLE" ignored="0" name="HomePage Test" tests="3" failures="0" timestamp="23 Mar 2017 19:48:49 GMT" time="178.432" errors="0">
  <testcase name="JackpotBlockBeachTest" time="17.802" classname="CORE_SUITE.HomePageTest"/>
  <testcase name="footertest" time="93.605" classname="CORE_SUITE.HomePageTest"/>
  <testcase name="marktest" time="63.988" classname="CORE_SUITE.HomePageTest"/>
</testsuite> <!-- HomePage Test -->
