<?xml version="1.0" encoding="UTF-8"?>
<!-- Generated by org.testng.reporters.JUnitXMLReporter -->
<testsuite hostname="NP-SADEKUNLE" ignored="0" name="Login Test" tests="4" failures="0" timestamp="23 Mar 2017 19:26:26 GMT" time="101.59" errors="0">
  <testcase name="loginTest" time="20.024" classname="CORE_SUITE.LoginTest"/>
  <testcase name="loginTest" time="21.545" classname="CORE_SUITE.LoginTest"/>
  <testcase name="loginTest" time="20.627" classname="CORE_SUITE.LoginTest"/>
  <testcase name="loginTest" time="34.891" classname="CORE_SUITE.LoginTest"/>
</testsuite> <!-- Login Test -->
