<?xml version="1.0" encoding="UTF-8"?>
<!-- Generated by org.testng.reporters.JUnitXMLReporter -->
<testsuite hostname="NP-SADEKUNLE" ignored="0" name="Registration Test" tests="12" failures="0" timestamp="23 Mar 2017 19:32:37 GMT" time="371.593" errors="0">
  <testcase name="RegistrationTest" time="27.031" classname="CORE_SUITE.RegistrationTest"/>
  <testcase name="RegistrationTest" time="27.0" classname="CORE_SUITE.RegistrationTest"/>
  <testcase name="RegistrationTest" time="35.561" classname="CORE_SUITE.RegistrationTest"/>
  <testcase name="RegistrationTest" time="40.378" classname="CORE_SUITE.RegistrationTest"/>
  <testcase name="RegistrationTest" time="27.65" classname="CORE_SUITE.RegistrationTest"/>
  <testcase name="RegistrationTest" time="23.229" classname="CORE_SUITE.RegistrationTest"/>
  <testcase name="RegistrationTest" time="23.117" classname="CORE_SUITE.RegistrationTest"/>
  <testcase name="RegistrationTest" time="21.907" classname="CORE_SUITE.RegistrationTest"/>
  <testcase name="RegistrationTest" time="36.996" classname="CORE_SUITE.RegistrationTest"/>
  <testcase name="RegistrationTest" time="34.232" classname="CORE_SUITE.RegistrationTest"/>
  <testcase name="RegistrationTest" time="28.261" classname="CORE_SUITE.RegistrationTest"/>
  <testcase name="RegistrationTest" time="36.625" classname="CORE_SUITE.RegistrationTest"/>
</testsuite> <!-- Registration Test -->
