<?xml version="1.0" encoding="UTF-8"?>
<!-- Generated by org.testng.reporters.JUnitXMLReporter -->
<testsuite hostname="NP-SADEKUNLE" ignored="0" name="GettingStartedTes" tests="3" failures="0" timestamp="23 Mar 2017 19:51:53 GMT" time="75.598" errors="0">
  <testcase name="GettingStartedTest" time="22.472" classname="Casino.GettingStartedTest"/>
  <testcase name="HowToWithdrawTest" time="29.372" classname="Casino.GettingStartedTest"/>
  <testcase name="VIPTest" time="20.906" classname="Casino.GettingStartedTest"/>
</testsuite> <!-- GettingStartedTes -->
