<html>
<head>
<title>TestNG:  Default test</title>
<link href="../testng.css" rel="stylesheet" type="text/css" />
<link href="../my-testng.css" rel="stylesheet" type="text/css" />

<style type="text/css">
.log { display: none;} 
.stack-trace { display: none;} 
</style>
<script type="text/javascript">
<!--
function flip(e) {
  current = e.style.display;
  if (current == 'block') {
    e.style.display = 'none';
    return 0;
  }
  else {
    e.style.display = 'block';
    return 1;
  }
}

function toggleBox(szDivId, elem, msg1, msg2)
{
  var res = -1;  if (document.getElementById) {
    res = flip(document.getElementById(szDivId));
  }
  else if (document.all) {
    // this is the way old msie versions work
    res = flip(document.all[szDivId]);
  }
  if(elem) {
    if(res == 0) elem.innerHTML = msg1; else elem.innerHTML = msg2;
  }

}

function toggleAllBoxes() {
  if (document.getElementsByTagName) {
    d = document.getElementsByTagName('div');
    for (i = 0; i < d.length; i++) {
      if (d[i].className == 'log') {
        flip(d[i]);
      }
    }
  }
}

// -->
</script>

</head>
<body>
<h2 align='center'>Default test</h2><table border='1' align="center">
<tr>
<td>Tests passed/Failed/Skipped:</td><td>11/1/0</td>
</tr><tr>
<td>Started on:</td><td>Thu Mar 23 19:16:06 GMT 2017</td>
</tr>
<tr><td>Total time:</td><td>460 seconds (460141 ms)</td>
</tr><tr>
<td>Included groups:</td><td></td>
</tr><tr>
<td>Excluded groups:</td><td></td>
</tr>
</table><p/>
<small><i>(Hover the method name to see the test class name)</i></small><p/>
<table width='100%' border='1' class='invocation-failed'>
<tr><td colspan='4' align='center'><b>FAILED TESTS</b></td></tr>
<tr><td><b>Test method</b></td>
<td width="30%"><b>Exception</b></td>
<td width="10%"><b>Time (seconds)</b></td>
<td><b>Instance</b></td>
</tr>
<tr>
<td title='CORE_SUITE.ChangePasswordTest.ChangePasswordTest()'><b>ChangePasswordTest</b><br>Test class: CORE_SUITE.ChangePasswordTest<br>Parameters: {NewPassword=bola123, OldPassword=bola123, Runmode=Y, ConfirmPassword=bola123, Expected_Result=FAILURE, Browser=Chrome, Result=}</td>
<td><div><pre>org.openqa.selenium.WebDriverException: unknown error: Element is not clickable at point (1112, 78). Other element would receive the click: &lt;div class=&quot;title&quot;&gt;...&lt;/div&gt;
  (Session info: chrome=56.0.2924.87)
  (Driver info: chromedriver=2.25.426923 (0390b88869384d6eb0d5d09729679f934aab9eed),platform=Windows NT 10.0.14393 x86_64) (WARNING: The server did not provide any stacktrace information)
Command duration or timeout: 85 milliseconds
Build info: version: &apos;2.53.0&apos;, revision: &apos;35ae25b1534ae328c771e0856c93e187490ca824&apos;, time: &apos;2016-03-15 10:43:46&apos;
System info: host: &apos;NP-SADEKUNLE&apos;, ip: &apos;10.44.3.81&apos;, os.name: &apos;Windows 10&apos;, os.arch: &apos;amd64&apos;, os.version: &apos;10.0&apos;, java.version: &apos;1.8.0_102&apos;
Driver info: org.openqa.selenium.chrome.ChromeDriver
Capabilities [{applicationCacheEnabled=false, rotatable=false, mobileEmulationEnabled=false, networkConnectionEnabled=false, chrome={chromedriverVersion=2.25.426923 (0390b88869384d6eb0d5d09729679f934aab9eed), userDataDir=C:\Users\SOLOMO~1.ADE\AppData\Local\Temp\scoped_dir2528_30372}, takesHeapSnapshot=true, pageLoadStrategy=normal, databaseEnabled=false, handlesAlerts=true, hasTouchScreen=false, version=56.0.2924.87, platform=XP, browserConnectionEnabled=false, nativeEvents=true, acceptSslCerts=true, locationContextEnabled=true, webStorageEnabled=true, browserName=chrome, takesScreenshot=true, javascriptEnabled=true, cssSelectorsEnabled=true}]
Session ID: f4716fd6aa9994e76a4a301b30c49050
	at sun.reflect.NativeConstructorAccessorImpl.newInstance0(Native Method)
	at sun.reflect.NativeConstructorAccessorImpl.newInstance(NativeConstructorAccessorImpl.java:62)
	at sun.reflect.DelegatingConstructorAccessorImpl.newInstance(DelegatingConstructorAccessorImpl.java:45)
	at java.lang.reflect.Constructor.newInstance(Constructor.java:423)
	at org.openqa.selenium.remote.ErrorHandler.createThrowable(ErrorHandler.java:206)
	at org.openqa.selenium.remote.ErrorHandler.throwIfResponseFailed(ErrorHandler.java:158)
	at org.openqa.selenium.remote.RemoteWebDriver.execute(RemoteWebDriver.java:678)
	at org.openqa.selenium.remote.RemoteWebElement.execute(RemoteWebElement.java:327)
	at org.openqa.selenium.remote.RemoteWebElement.click(RemoteWebElement.java:85)
	at CORE_SUITE.ChangePasswordTest.ChangePasswordTest(ChangePasswordTest.java:46)
	at sun.reflect.NativeMethodAccessorImpl.invoke0(Native Method)
	at sun.reflect.NativeMethodAccessorImpl.invoke(NativeMethodAccessorImpl.java:62)
	at sun.reflect.DelegatingMethodAccessorImpl.invoke(DelegatingMethodAccessorImpl.java:43)
	at java.lang.reflect.Method.invoke(Method.java:498)
	at org.testng.internal.MethodInvocationHelper.invokeMethod(MethodInvocationHelper.java:104)
	at org.testng.internal.Invoker.invokeMethod(Invoker.java:645)
	at org.testng.internal.Invoker.invokeTestMethod(Invoker.java:851)
	at org.testng.internal.Invoker.invokeTestMethods(Invoker.java:1177)
	at org.testng.internal.TestMethodWorker.invokeTestMethods(TestMethodWorker.java:129)
	at org.testng.internal.TestMethodWorker.run(TestMethodWorker.java:112)
	at org.testng.TestRunner.privateRun(TestRunner.java:756)
	at org.testng.TestRunner.run(TestRunner.java:610)
	at org.testng.SuiteRunner.runTest(SuiteRunner.java:387)
	at org.testng.SuiteRunner.runSequentially(SuiteRunner.java:382)
	at org.testng.SuiteRunner.privateRun(SuiteRunner.java:340)
	at org.testng.SuiteRunner.run(SuiteRunner.java:289)
	at org.testng.SuiteRunnerWorker.runSuite(SuiteRunnerWorker.java:52)
	at org.testng.SuiteRunnerWorker.run(SuiteRunnerWorker.java:86)
	at org.testng.TestNG.runSuitesSequentially(TestNG.java:1293)
	at org.testng.TestNG.runSuitesLocally(TestNG.java:1218)
	at org.testng.TestNG.runSuites(TestNG.java:1133)
	at org.testng.TestNG.run(TestNG.java:1104)
	at org.testng.remote.AbstractRemoteTestNG.run(AbstractRemoteTestNG.java:132)
	at org.testng.remote.RemoteTestNG.initAndRun(RemoteTestNG.java:236)
	at org.testng.remote.RemoteTestNG.main(RemoteTestNG.java:81)
</pre></div><a href='#' onClick='toggleBox("stack-trace589987187", this, "Click to show all stack frames", "Click to hide stack frames")'>Click to show all stack frames</a>
<div class='stack-trace' id='stack-trace589987187'><pre>org.openqa.selenium.WebDriverException: unknown error: Element is not clickable at point (1112, 78). Other element would receive the click: &lt;div class=&quot;title&quot;&gt;...&lt;/div&gt;
  (Session info: chrome=56.0.2924.87)
  (Driver info: chromedriver=2.25.426923 (0390b88869384d6eb0d5d09729679f934aab9eed),platform=Windows NT 10.0.14393 x86_64) (WARNING: The server did not provide any stacktrace information)
Command duration or timeout: 85 milliseconds
Build info: version: &apos;2.53.0&apos;, revision: &apos;35ae25b1534ae328c771e0856c93e187490ca824&apos;, time: &apos;2016-03-15 10:43:46&apos;
System info: host: &apos;NP-SADEKUNLE&apos;, ip: &apos;10.44.3.81&apos;, os.name: &apos;Windows 10&apos;, os.arch: &apos;amd64&apos;, os.version: &apos;10.0&apos;, java.version: &apos;1.8.0_102&apos;
Driver info: org.openqa.selenium.chrome.ChromeDriver
Capabilities [{applicationCacheEnabled=false, rotatable=false, mobileEmulationEnabled=false, networkConnectionEnabled=false, chrome={chromedriverVersion=2.25.426923 (0390b88869384d6eb0d5d09729679f934aab9eed), userDataDir=C:\Users\SOLOMO~1.ADE\AppData\Local\Temp\scoped_dir2528_30372}, takesHeapSnapshot=true, pageLoadStrategy=normal, databaseEnabled=false, handlesAlerts=true, hasTouchScreen=false, version=56.0.2924.87, platform=XP, browserConnectionEnabled=false, nativeEvents=true, acceptSslCerts=true, locationContextEnabled=true, webStorageEnabled=true, browserName=chrome, takesScreenshot=true, javascriptEnabled=true, cssSelectorsEnabled=true}]
Session ID: f4716fd6aa9994e76a4a301b30c49050
	at sun.reflect.NativeConstructorAccessorImpl.newInstance0(Native Method)
	at sun.reflect.NativeConstructorAccessorImpl.newInstance(NativeConstructorAccessorImpl.java:62)
	at sun.reflect.DelegatingConstructorAccessorImpl.newInstance(DelegatingConstructorAccessorImpl.java:45)
	at java.lang.reflect.Constructor.newInstance(Constructor.java:423)
	at org.openqa.selenium.remote.ErrorHandler.createThrowable(ErrorHandler.java:206)
	at org.openqa.selenium.remote.ErrorHandler.throwIfResponseFailed(ErrorHandler.java:158)
	at org.openqa.selenium.remote.RemoteWebDriver.execute(RemoteWebDriver.java:678)
	at org.openqa.selenium.remote.RemoteWebElement.execute(RemoteWebElement.java:327)
	at org.openqa.selenium.remote.RemoteWebElement.click(RemoteWebElement.java:85)
	at CORE_SUITE.ChangePasswordTest.ChangePasswordTest(ChangePasswordTest.java:46)
	at sun.reflect.NativeMethodAccessorImpl.invoke0(Native Method)
	at sun.reflect.NativeMethodAccessorImpl.invoke(NativeMethodAccessorImpl.java:62)
	at sun.reflect.DelegatingMethodAccessorImpl.invoke(DelegatingMethodAccessorImpl.java:43)
	at java.lang.reflect.Method.invoke(Method.java:498)
	at org.testng.internal.MethodInvocationHelper.invokeMethod(MethodInvocationHelper.java:104)
	at org.testng.internal.Invoker.invokeMethod(Invoker.java:645)
	at org.testng.internal.Invoker.invokeTestMethod(Invoker.java:851)
	at org.testng.internal.Invoker.invokeTestMethods(Invoker.java:1177)
	at org.testng.internal.TestMethodWorker.invokeTestMethods(TestMethodWorker.java:129)
	at org.testng.internal.TestMethodWorker.run(TestMethodWorker.java:112)
	at org.testng.TestRunner.privateRun(TestRunner.java:756)
	at org.testng.TestRunner.run(TestRunner.java:610)
	at org.testng.SuiteRunner.runTest(SuiteRunner.java:387)
	at org.testng.SuiteRunner.runSequentially(SuiteRunner.java:382)
	at org.testng.SuiteRunner.privateRun(SuiteRunner.java:340)
	at org.testng.SuiteRunner.run(SuiteRunner.java:289)
	at org.testng.SuiteRunnerWorker.runSuite(SuiteRunnerWorker.java:52)
	at org.testng.SuiteRunnerWorker.run(SuiteRunnerWorker.java:86)
	at org.testng.TestNG.runSuitesSequentially(TestNG.java:1293)
	at org.testng.TestNG.runSuitesLocally(TestNG.java:1218)
	at org.testng.TestNG.runSuites(TestNG.java:1133)
	at org.testng.TestNG.run(TestNG.java:1104)
	at org.testng.remote.AbstractRemoteTestNG.run(AbstractRemoteTestNG.java:132)
	at org.testng.remote.RemoteTestNG.initAndRun(RemoteTestNG.java:236)
	at org.testng.remote.RemoteTestNG.main(RemoteTestNG.java:81)
</pre></div></td>
<td>14</td>
<td>CORE_SUITE.ChangePasswordTest@462d5aee</td></tr>
</table><p>
<table width='100%' border='1' class='invocation-passed'>
<tr><td colspan='4' align='center'><b>PASSED TESTS</b></td></tr>
<tr><td><b>Test method</b></td>
<td width="30%"><b>Exception</b></td>
<td width="10%"><b>Time (seconds)</b></td>
<td><b>Instance</b></td>
</tr>
<tr>
<td title='CORE_SUITE.ChangePasswordTest.ChangePasswordTest()'><b>ChangePasswordTest</b><br>Test class: CORE_SUITE.ChangePasswordTest<br>Parameters: {NewPassword=ADSERTYG, OldPassword=Bola123$%^, Runmode=Y, ConfirmPassword=ADSERTYG, Expected_Result=FAILURE, Browser=Mozilla, Result=}</td>
<td></td>
<td>42</td>
<td>CORE_SUITE.ChangePasswordTest@462d5aee</td></tr>
<tr>
<td title='CORE_SUITE.ChangePasswordTest.ChangePasswordTest()'><b>ChangePasswordTest</b><br>Test class: CORE_SUITE.ChangePasswordTest<br>Parameters: {NewPassword=££££££££££>, OldPassword=Bola1235%^, Runmode=Y, ConfirmPassword=££££££££££>, Expected_Result=FAILURE, Browser=Chrome, Result=}</td>
<td></td>
<td>38</td>
<td>CORE_SUITE.ChangePasswordTest@462d5aee</td></tr>
<tr>
<td title='CORE_SUITE.ChangePasswordTest.ChangePasswordTest()'><b>ChangePasswordTest</b><br>Test class: CORE_SUITE.ChangePasswordTest<br>Parameters: {NewPassword=GGGGGGGGGGGGGGGGGGGG1122, OldPassword=Bola123$%^, Runmode=Y, ConfirmPassword=GGGGGGGGGGGGGGGGGGGG1122, Expected_Result=FAILURE, Browser=Chrome, Result=}</td>
<td></td>
<td>36</td>
<td>CORE_SUITE.ChangePasswordTest@462d5aee</td></tr>
<tr>
<td title='CORE_SUITE.ChangePasswordTest.ChangePasswordTest()'><b>ChangePasswordTest</b><br>Test class: CORE_SUITE.ChangePasswordTest<br>Parameters: {NewPassword=Bola1235$%^, OldPassword=Bola12$%^, Runmode=Y, ConfirmPassword=Bola1235$%^, Expected_Result=FAILURE, Browser=Mozilla, Result=}</td>
<td></td>
<td>43</td>
<td>CORE_SUITE.ChangePasswordTest@462d5aee</td></tr>
<tr>
<td title='CORE_SUITE.ChangePasswordTest.ChangePasswordTest()'><b>ChangePasswordTest</b><br>Test class: CORE_SUITE.ChangePasswordTest<br>Parameters: {NewPassword=1.2345678E7, OldPassword=Bola123$%^, Runmode=Y, ConfirmPassword=1.2345678E7, Expected_Result=FAILURE, Browser=IE, Result=}</td>
<td></td>
<td>37</td>
<td>CORE_SUITE.ChangePasswordTest@462d5aee</td></tr>
<tr>
<td title='CORE_SUITE.ChangePasswordTest.ChangePasswordTest()'><b>ChangePasswordTest</b><br>Test class: CORE_SUITE.ChangePasswordTest<br>Parameters: {NewPassword=Manjuyt, OldPassword=Bola123$%^, Runmode=Y, ConfirmPassword=Manjuyt, Expected_Result=FAILURE, Browser=Chrome, Result=}</td>
<td></td>
<td>33</td>
<td>CORE_SUITE.ChangePasswordTest@462d5aee</td></tr>
<tr>
<td title='CORE_SUITE.ChangePasswordTest.ChangePasswordTest()'><b>ChangePasswordTest</b><br>Test class: CORE_SUITE.ChangePasswordTest<br>Parameters: {NewPassword=$$$$$%%1a, OldPassword=Bola123$%^, Runmode=Y, ConfirmPassword=$$$$$%%1a, Expected_Result=FAILURE, Browser=Mozilla, Result=}</td>
<td></td>
<td>42</td>
<td>CORE_SUITE.ChangePasswordTest@462d5aee</td></tr>
<tr>
<td title='CORE_SUITE.ChangePasswordTest.ChangePasswordTest()'><b>ChangePasswordTest</b><br>Test class: CORE_SUITE.ChangePasswordTest<br>Parameters: {NewPassword=Bola1217, OldPassword=Bola123$%^, Runmode=Y, ConfirmPassword=Bola1217, Expected_Result=FAILURE, Browser=Chrome, Result=}</td>
<td></td>
<td>37</td>
<td>CORE_SUITE.ChangePasswordTest@462d5aee</td></tr>
<tr>
<td title='CORE_SUITE.ChangePasswordTest.ChangePasswordTest()'><b>ChangePasswordTest</b><br>Test class: CORE_SUITE.ChangePasswordTest<br>Parameters: {NewPassword=Looking/>, OldPassword=Bola123$%^, Runmode=Y, ConfirmPassword=Looking/>, Expected_Result=FAILURE, Browser=Mozilla, Result=}</td>
<td></td>
<td>51</td>
<td>CORE_SUITE.ChangePasswordTest@462d5aee</td></tr>
<tr>
<td title='CORE_SUITE.ChangePasswordTest.ChangePasswordTest()'><b>ChangePasswordTest</b><br>Test class: CORE_SUITE.ChangePasswordTest<br>Parameters: {NewPassword=bola1$(), OldPassword=Bola123$%^, Runmode=Y, ConfirmPassword=bola1$(), Expected_Result=FAILURE, Browser=Chrome, Result=}</td>
<td></td>
<td>38</td>
<td>CORE_SUITE.ChangePasswordTest@462d5aee</td></tr>
<tr>
<td title='CORE_SUITE.ChangePasswordTest.ChangePasswordTest()'><b>ChangePasswordTest</b><br>Test class: CORE_SUITE.ChangePasswordTest<br>Parameters: {NewPassword={generator}, OldPassword=E/W?oUCT@K@k*^&p%}~1, Runmode=Y, ConfirmPassword={generator}, Expected_Result=SUCCESS, Browser=Chrome, Result=}</td>
<td></td>
<td>32</td>
<td>CORE_SUITE.ChangePasswordTest@462d5aee</td></tr>
</table><p>
</body>
</html>