<!DOCTYPE html PUBLIC "-//W3C//DTD XHTML 1.1//EN" "http://www.w3.org/TR/xhtml11/DTD/xhtml11.dtd">
<html xmlns="http://www.w3.org/1999/xhtml"><head><title>TestNG Report</title><style type="text/css">table {margin-bottom:10px;border-collapse:collapse;empty-cells:show}th,td {border:1px solid #009;padding:.25em .5em}th {vertical-align:bottom}td {vertical-align:top}table a {font-weight:bold}.stripe td {background-color: #E6EBF9}.num {text-align:right}.passedodd td {background-color: #3F3}.passedeven td {background-color: #0A0}.skippedodd td {background-color: #DDD}.skippedeven td {background-color: #CCC}.failedodd td,.attn {background-color: #F33}.failedeven td,.stripe .attn {background-color: #D00}.stacktrace {white-space:pre;font-family:monospace}.totop {font-size:85%;text-align:center;border-bottom:2px solid #000}</style></head><body><table><tr><th>Test</th><th># Passed</th><th># Skipped</th><th># Failed</th><th>Time (ms)</th><th>Included Groups</th><th>Excluded Groups</th></tr><tr><th colspan="7">SupercasinoReDesign</th></tr><tr><th colspan="7">CORE_SUITE</th></tr><tr><td><a href="#t0">Login Test</a></td><td class="num">4</td><td class="num">0</td><td class="num">0</td><td class="num">101,590</td><td></td><td></td></tr><tr class="stripe"><td><a href="#t1">Registration Test</a></td><td class="num">12</td><td class="num">0</td><td class="num">0</td><td class="num">371,593</td><td></td><td></td></tr><tr><td><a href="#t2">ChangePasswordTest</a></td><td class="num">11</td><td class="num">0</td><td class="num attn">1</td><td class="num">514,397</td><td></td><td></td></tr><tr class="stripe"><td><a href="#t3">ForgottenDetails Test</a></td><td class="num">11</td><td class="num">0</td><td class="num attn">1</td><td class="num">279,057</td><td></td><td></td></tr><tr><td><a href="#t4">HomePage Test</a></td><td class="num">3</td><td class="num">0</td><td class="num">0</td><td class="num">178,432</td><td></td><td></td></tr><tr><th colspan="7">Casino</th></tr><tr class="stripe"><td><a href="#t5">AboutUsTest</a></td><td class="num">1</td><td class="num">0</td><td class="num attn">1</td><td class="num">83,801</td><td></td><td></td></tr><tr><td><a href="#t6">GamesLunchTest</a></td><td class="num">0</td><td class="num">0</td><td class="num attn">1</td><td class="num">23,896</td><td></td><td></td></tr><tr class="stripe"><td><a href="#t7">GettingStartedTes</a></td><td class="num">3</td><td class="num">0</td><td class="num">0</td><td class="num">75,598</td><td></td><td></td></tr><tr><td><a href="#t8">LiveTest</a></td><td class="num">1</td><td class="num">0</td><td class="num attn">2</td><td class="num">63,870</td><td></td><td></td></tr><tr class="stripe"><td><a href="#t9">LoginErrorTest</a></td><td class="num">1</td><td class="num">0</td><td class="num">0</td><td class="num">18,693</td><td></td><td></td></tr><tr><td><a href="#t10">PromotionTest</a></td><td class="num">1</td><td class="num">0</td><td class="num attn">1</td><td class="num">51,734</td><td></td><td></td></tr><tr class="stripe"><td><a href="#t11">SearchGamesTest</a></td><td class="num">0</td><td class="num">0</td><td class="num attn">2</td><td class="num">39,512</td><td></td><td></td></tr><tr><td><a href="#t12">VegasTest</a></td><td class="num">2</td><td class="num">0</td><td class="num attn">2</td><td class="num">191,540</td><td></td><td></td></tr><tr class="stripe"><td><a href="#t13">PresentersTest</a></td><td class="num">1</td><td class="num">0</td><td class="num">0</td><td class="num">81,988</td><td></td><td></td></tr><tr><td><a href="#t14">GameInfoPageTest</a></td><td class="num">0</td><td class="num">0</td><td class="num attn">1</td><td class="num">37,997</td><td></td><td></td></tr><tr><th colspan="7">Cashier</th></tr><tr class="stripe"><td><a href="#t15">DepositTest</a></td><td class="num">0</td><td class="num">0</td><td class="num attn">5</td><td class="num">144,375</td><td></td><td></td></tr><tr><td><a href="#t16">Cashier_RegisterNewCard</a></td><td class="num">0</td><td class="num">0</td><td class="num">0</td><td class="num">1</td><td></td><td></td></tr><tr class="stripe"><td><a href="#t17">AccountSummaryTest</a></td><td class="num">0</td><td class="num">0</td><td class="num attn">1</td><td class="num">34,580</td><td></td><td></td></tr><tr><td><a href="#t18">AccountSummary2Test</a></td><td class="num">0</td><td class="num">0</td><td class="num">0</td><td class="num">1</td><td></td><td></td></tr><tr class="stripe"><td><a href="#t19">AccountSummary3Test</a></td><td class="num">0</td><td class="num">0</td><td class="num">0</td><td class="num">1</td><td></td><td></td></tr><tr><th>Total</th><th class="num">51</th><th class="num">0</th><th class="num attn">18</th><th class="num">2,292,656</th><th colspan="2"></th></tr></table><table><thead><tr><th>Class</th><th>Method</th><th>Start</th><th>Time (ms)</th></tr></thead><tbody><tr><th colspan="4">SupercasinoReDesign</th></tr></tbody><tbody><tr><th colspan="4">CORE_SUITE</th></tr></tbody><tbody id="t0"><tr><th colspan="4">Login Test &#8212; passed</th></tr><tr class="passedeven"><td rowspan="4">CORE_SUITE.LoginTest</td><td><a href="#m0">loginTest</a></td><td rowspan="4">1490297085111</td><td rowspan="4">20024</td></tr><tr class="passedeven"><td><a href="#m1">loginTest</a></td></tr><tr class="passedeven"><td><a href="#m2">loginTest</a></td></tr><tr class="passedeven"><td><a href="#m3">loginTest</a></td></tr></tbody><tbody id="t1"><tr><th colspan="4">Registration Test &#8212; passed</th></tr><tr class="passedeven"><td rowspan="12">CORE_SUITE.RegistrationTest</td><td><a href="#m4">RegistrationTest</a></td><td rowspan="12">1490297395759</td><td rowspan="12">21907</td></tr><tr class="passedeven"><td><a href="#m5">RegistrationTest</a></td></tr><tr class="passedeven"><td><a href="#m6">RegistrationTest</a></td></tr><tr class="passedeven"><td><a href="#m7">RegistrationTest</a></td></tr><tr class="passedeven"><td><a href="#m8">RegistrationTest</a></td></tr><tr class="passedeven"><td><a href="#m9">RegistrationTest</a></td></tr><tr class="passedeven"><td><a href="#m10">RegistrationTest</a></td></tr><tr class="passedeven"><td><a href="#m11">RegistrationTest</a></td></tr><tr class="passedeven"><td><a href="#m12">RegistrationTest</a></td></tr><tr class="passedeven"><td><a href="#m13">RegistrationTest</a></td></tr><tr class="passedeven"><td><a href="#m14">RegistrationTest</a></td></tr><tr class="passedeven"><td><a href="#m15">RegistrationTest</a></td></tr></tbody><tbody id="t2"><tr><th colspan="4">ChangePasswordTest &#8212; failed</th></tr><tr class="failedeven"><td rowspan="1">CORE_SUITE.ChangePasswordTest</td><td><a href="#m16">ChangePasswordTest</a></td><td rowspan="1">1490297917249</td><td rowspan="1">24671</td></tr><tr><th colspan="4">ChangePasswordTest &#8212; passed</th></tr><tr class="passedeven"><td rowspan="11">CORE_SUITE.ChangePasswordTest</td><td><a href="#m17">ChangePasswordTest</a></td><td rowspan="11">1490297675531</td><td rowspan="11">32299</td></tr><tr class="passedeven"><td><a href="#m18">ChangePasswordTest</a></td></tr><tr class="passedeven"><td><a href="#m19">ChangePasswordTest</a></td></tr><tr class="passedeven"><td><a href="#m20">ChangePasswordTest</a></td></tr><tr class="passedeven"><td><a href="#m21">ChangePasswordTest</a></td></tr><tr class="passedeven"><td><a href="#m22">ChangePasswordTest</a></td></tr><tr class="passedeven"><td><a href="#m23">ChangePasswordTest</a></td></tr><tr class="passedeven"><td><a href="#m24">ChangePasswordTest</a></td></tr><tr class="passedeven"><td><a href="#m25">ChangePasswordTest</a></td></tr><tr class="passedeven"><td><a href="#m26">ChangePasswordTest</a></td></tr><tr class="passedeven"><td><a href="#m27">ChangePasswordTest</a></td></tr></tbody><tbody id="t3"><tr><th colspan="4">ForgottenDetails Test &#8212; failed</th></tr><tr class="failedeven"><td rowspan="1">CORE_SUITE.ForgottenDetailsTest</td><td><a href="#m28">ForgottenDetailsTest</a></td><td rowspan="1">1490298140280</td><td rowspan="1">30540</td></tr><tr><th colspan="4">ForgottenDetails Test &#8212; passed</th></tr><tr class="passedeven"><td rowspan="11">CORE_SUITE.ForgottenDetailsTest</td><td><a href="#m29">ForgottenDetailsTest</a></td><td rowspan="11">1490298197056</td><td rowspan="11">25558</td></tr><tr class="passedeven"><td><a href="#m30">ForgottenDetailsTest</a></td></tr><tr class="passedeven"><td><a href="#m31">ForgottenDetailsTest</a></td></tr><tr class="passedeven"><td><a href="#m32">ForgottenDetailsTest</a></td></tr><tr class="passedeven"><td><a href="#m33">ForgottenDetailsTest</a></td></tr><tr class="passedeven"><td><a href="#m34">ForgottenDetailsTest</a></td></tr><tr class="passedeven"><td><a href="#m35">ForgottenDetailsTest</a></td></tr><tr class="passedeven"><td><a href="#m36">ForgottenDetailsTest</a></td></tr><tr class="passedeven"><td><a href="#m37">ForgottenDetailsTest</a></td></tr><tr class="passedeven"><td><a href="#m38">ForgottenDetailsTest</a></td></tr><tr class="passedeven"><td><a href="#m39">ForgottenDetailsTest</a></td></tr></tbody><tbody id="t4"><tr><th colspan="4">HomePage Test &#8212; passed</th></tr><tr class="passedeven"><td rowspan="3">CORE_SUITE.HomePageTest</td><td><a href="#m40">JackpotBlockBeachTest</a></td><td rowspan="1">1490298351241</td><td rowspan="1">17802</td></tr><tr class="passedeven"><td><a href="#m41">footertest</a></td><td rowspan="1">1490298370058</td><td rowspan="1">93605</td></tr><tr class="passedeven"><td><a href="#m42">marktest</a></td><td rowspan="1">1490298464681</td><td rowspan="1">63988</td></tr></tbody><tbody><tr><th colspan="4">Casino</th></tr></tbody><tbody id="t5"><tr><th colspan="4">AboutUsTest &#8212; failed</th></tr><tr class="failedeven"><td rowspan="1">Casino.AboutUsTest</td><td><a href="#m43">AboutTest</a></td><td rowspan="1">1490298529731</td><td rowspan="1">44316</td></tr><tr><th colspan="4">AboutUsTest &#8212; passed</th></tr><tr class="passedeven"><td rowspan="1">Casino.AboutUsTest</td><td><a href="#m44">EnjoyRespoTest</a></td><td rowspan="1">1490298575015</td><td rowspan="1">37510</td></tr></tbody><tbody id="t6"><tr><th colspan="4">GamesLunchTest &#8212; failed</th></tr><tr class="failedeven"><td rowspan="1">Casino.GamesLunchTest</td><td><a href="#m45">GettingStartedTest</a></td><td rowspan="1">1490298613519</td><td rowspan="1">22953</td></tr></tbody><tbody id="t7"><tr><th colspan="4">GettingStartedTes &#8212; passed</th></tr><tr class="passedeven"><td rowspan="3">Casino.GettingStartedTest</td><td><a href="#m46">GettingStartedTest</a></td><td rowspan="1">1490298637423</td><td rowspan="1">22472</td></tr><tr class="passedeven"><td><a href="#m47">HowToWithdrawTest</a></td><td rowspan="1">1490298660844</td><td rowspan="1">29372</td></tr><tr class="passedeven"><td><a href="#m48">VIPTest</a></td><td rowspan="1">1490298691165</td><td rowspan="1">20906</td></tr></tbody><tbody id="t8"><tr><th colspan="4">LiveTest &#8212; failed</th></tr><tr class="failedeven"><td rowspan="2">Casino.LiveTest</td><td><a href="#m49">LiveFooterTest</a></td><td rowspan="1">1490298713024</td><td rowspan="1">19633</td></tr><tr class="failedeven"><td><a href="#m50">LiveTest</a></td><td rowspan="1">1490298756130</td><td rowspan="1">19828</td></tr><tr><th colspan="4">LiveTest &#8212; passed</th></tr><tr class="passedeven"><td rowspan="1">Casino.LiveTest</td><td><a href="#m51">LiveForgottenDetailsTest</a></td><td rowspan="1">1490298733592</td><td rowspan="1">21586</td></tr></tbody><tbody id="t9"><tr><th colspan="4">LoginErrorTest &#8212; passed</th></tr><tr class="passedeven"><td rowspan="1">Casino.LoginErrorTest</td><td><a href="#m52">LoginErrorTest</a></td><td rowspan="1">1490298776906</td><td rowspan="1">15742</td></tr></tbody><tbody id="t10"><tr><th colspan="4">PromotionTest &#8212; failed</th></tr><tr class="failedeven"><td rowspan="1">Casino.PromotionTest</td><td><a href="#m53">COMPETITIONTest</a></td><td rowspan="1">1490298795605</td><td rowspan="1">21139</td></tr><tr><th colspan="4">PromotionTest &#8212; passed</th></tr><tr class="passedeven"><td rowspan="1">Casino.PromotionTest</td><td><a href="#m54">Promopage1</a></td><td rowspan="1">1490298817698</td><td rowspan="1">28678</td></tr></tbody><tbody id="t11"><tr><th colspan="4">SearchGamesTest &#8212; failed</th></tr><tr class="failedeven"><td rowspan="2">Casino.SearchGamesTest</td><td><a href="#m55">SearchGamesTest</a></td><td rowspan="2">1490298847346</td><td rowspan="2">18815</td></tr><tr class="failedeven"><td><a href="#m56">SearchGamesTest</a></td></tr></tbody><tbody id="t12"><tr><th colspan="4">VegasTest &#8212; failed</th></tr><tr class="failedeven"><td rowspan="2">Casino.VegasTest</td><td><a href="#m57">VegasGamesLunhTest</a></td><td rowspan="1">1490298945084</td><td rowspan="1">23469</td></tr><tr class="failedeven"><td><a href="#m58">VegasTest</a></td><td rowspan="1">1490299055775</td><td rowspan="1">19699</td></tr><tr><th colspan="4">VegasTest &#8212; passed</th></tr><tr class="passedeven"><td rowspan="2">Casino.VegasTest</td><td><a href="#m59">VegasFooterTest</a></td><td rowspan="1">1490298886867</td><td rowspan="1">55255</td></tr><tr class="passedeven"><td><a href="#m60">VegasJackpotTest</a></td><td rowspan="1">1490298971490</td><td rowspan="1">81316</td></tr></tbody><tbody id="t13"><tr><th colspan="4">PresentersTest &#8212; passed</th></tr><tr class="passedeven"><td rowspan="1">Casino.PresentersTest</td><td><a href="#m61">TvPresnterTest</a></td><td rowspan="1">1490299078417</td><td rowspan="1">81020</td></tr></tbody><tbody id="t14"><tr><th colspan="4">GameInfoPageTest &#8212; failed</th></tr><tr class="failedeven"><td rowspan="1">Casino.GameInfoPageTest</td><td><a href="#m62">GameInfoTest</a></td><td rowspan="1">1490299160409</td><td rowspan="1">37062</td></tr></tbody><tbody><tr><th colspan="4">Cashier</th></tr></tbody><tbody id="t15"><tr><th colspan="4">DepositTest &#8212; failed</th></tr><tr class="failedeven"><td rowspan="5">Cashier.DepositTest</td><td><a href="#m63">DepositTest</a></td><td rowspan="5">1490299227547</td><td rowspan="5">28717</td></tr><tr class="failedeven"><td><a href="#m64">DepositTest</a></td></tr><tr class="failedeven"><td><a href="#m65">DepositTest</a></td></tr><tr class="failedeven"><td><a href="#m66">DepositTest</a></td></tr><tr class="failedeven"><td><a href="#m67">DepositTest</a></td></tr></tbody><tbody id="t16"></tbody><tbody id="t17"><tr><th colspan="4">AccountSummaryTest &#8212; failed</th></tr><tr class="failedeven"><td rowspan="1">Cashier.AccountSummaryTest</td><td><a href="#m68">AccountSummarytest</a></td><td rowspan="1">1490299342835</td><td rowspan="1">33679</td></tr></tbody><tbody id="t18"></tbody><tbody id="t19"></tbody></table><h2>Login Test</h2><h3 id="m0">CORE_SUITE.LoginTest#loginTest</h3><table class="result"><tr class="param"><th>Parameter #1</th></tr><tr class="param stripe"><td>{Username=mmm12, Password=MNNH$1, Runmode=Y, Expected_Result=FAILURE, Browser=Mozilla, Result=}</td></tr></table><p class="totop"><a href="#summary">back to summary</a></p><h3 id="m1">CORE_SUITE.LoginTest#loginTest</h3><table class="result"><tr class="param"><th>Parameter #1</th></tr><tr class="param stripe"><td>{Username=Noblebug240, Password=Bola1235$%^, Runmode=Y, Expected_Result=SUCCESS, Browser=Mozilla, Result=}</td></tr></table><p class="totop"><a href="#summary">back to summary</a></p><h3 id="m2">CORE_SUITE.LoginTest#loginTest</h3><table class="result"><tr class="param"><th>Parameter #1</th></tr><tr class="param stripe"><td>{Username=NNNNNNNNNNNNNNNNNNNNN1, Password=GGGGGGGGGGGGGGGGGGGG1, Runmode=Y, Expected_Result=FAILURE, Browser=Chrome, Result=}</td></tr></table><p class="totop"><a href="#summary">back to summary</a></p><h3 id="m3">CORE_SUITE.LoginTest#loginTest</h3><table class="result"><tr class="param"><th>Parameter #1</th></tr><tr class="param stripe"><td>{Username=Noblebug228, Password=Bola123, Runmode=Y, Expected_Result=FAILURE, Browser=Chrome, Result=}</td></tr></table><p class="totop"><a href="#summary">back to summary</a></p><h2>Registration Test</h2><h3 id="m4">CORE_SUITE.RegistrationTest#RegistrationTest</h3><table class="result"><tr class="param"><th>Parameter #1</th></tr><tr class="param stripe"><td>{Browser=Chrome, Password=Manjuyt, contactNum=9191GGSS, address=80.0, Screenname={generator}, Username={generator}, Title=, Expected_Result=FAILURE, confirmPassword=Manjuyt, lastname=, Result=, Firstname=, year=1980.0, Runmode=Y, city=SDDDD , promoCode=, day=3.0, county=LONDON, month=OCT, Email=l@.com, postcode=SW8 %67}</td></tr></table><p class="totop"><a href="#summary">back to summary</a></p><h3 id="m5">CORE_SUITE.RegistrationTest#RegistrationTest</h3><table class="result"><tr class="param"><th>Parameter #1</th></tr><tr class="param stripe"><td>{Browser=Mozilla, Password=Bola123$%^, contactNum=02071006020, address=80.0, Screenname=ScreenName1, Username=ScreenName1, Title=Mrs, Expected_Result=FAILURE, confirmPassword=, lastname=look, Result=, Firstname=nav, year=1980.0, Runmode=Y, city=London, promoCode=, day=3.0, county=London, month=OCT, Email=test@playtech.com, postcode=SW8 3HE}</td></tr></table><p class="totop"><a href="#summary">back to summary</a></p><h3 id="m6">CORE_SUITE.RegistrationTest#RegistrationTest</h3><table class="result"><tr class="param"><th>Parameter #1</th></tr><tr class="param stripe"><td>{Browser=Mozilla, Password=Looking/&gt;, contactNum=london01, address=, Screenname=yahoonnana, Username=Snetplaytv$%, Title=, Expected_Result=FAILURE, confirmPassword=Looking/&gt;, lastname=, Result=, Firstname=lao@, year=2001.0, Runmode=Y, city=LONDON%#, promoCode=, day=3.0, county=Surrey-london, month=OCT, Email=£££test@playtech.com, postcode=SW8 3HE+8}</td></tr></table><p class="totop"><a href="#summary">back to summary</a></p><h3 id="m7">CORE_SUITE.RegistrationTest#RegistrationTest</h3><table class="result"><tr class="param"><th>Parameter #1</th></tr><tr class="param stripe"><td>{Browser=Mozilla, Password=MNNH$1, contactNum=0203700700, address=8, silverthorne, Screenname=mmm12, Username=mmm12, Title=Miss, Expected_Result=FAILURE, confirmPassword=MNNH$2, lastname=MNHGF, Result=, Firstname=MJHGF-12, year=1980.0, Runmode=Y, city=London, promoCode=, day=3.0, county=l, month=OCT, Email=test@playtec.com, postcode=SW8 3HE}</td></tr></table><p class="totop"><a href="#summary">back to summary</a></p><h3 id="m8">CORE_SUITE.RegistrationTest#RegistrationTest</h3><table class="result"><tr class="param"><th>Parameter #1</th></tr><tr class="param stripe"><td>{Browser=Mozilla, Password=B123$%^, contactNum=02071006020, address=80.0, Screenname=yahoonnana, Username={generator}, Title=Mr, Expected_Result=FAILURE, confirmPassword=B123$%^, lastname=utio, Result=, Firstname=agaga, year=1980.0, Runmode=Y, city=London, promoCode=, day=3.0, county=London, month=OCT, Email=test@playtech.com, postcode=SW8 3HE}</td></tr></table><p class="totop"><a href="#summary">back to summary</a></p><h3 id="m9">CORE_SUITE.RegistrationTest#RegistrationTest</h3><table class="result"><tr class="param"><th>Parameter #1</th></tr><tr class="param stripe"><td>{Browser=Chrome, Password=Bola123$%^, contactNum=02071006020, address=80.0, Screenname={generator}, Username={generator}, Title=MR, Expected_Result=SUCCESS, confirmPassword=Bola123$%^, lastname=bolabo, Result=, Firstname=mark, year=1980.0, Runmode=Y, city=LONDON, promoCode=, day=3.0, county=LONDON, month=OCT, Email=test@playtech.com, postcode=SW8 3HE}</td></tr></table><p class="totop"><a href="#summary">back to summary</a></p><h3 id="m10">CORE_SUITE.RegistrationTest#RegistrationTest</h3><table class="result"><tr class="param"><th>Parameter #1</th></tr><tr class="param stripe"><td>{Browser=Chrome, Password=$$$$$%%1a, contactNum=, address=8.0, Screenname=makomi1lbugo, Username=123456£1, Title=DR, Expected_Result=FAILURE, confirmPassword=$$$$$%%1a, lastname=&amp;$£agas, Result=, Firstname=adde$), year=2015.0, Runmode=Y, city=greater3LONDON, promoCode=, day=3.0, county=, month=, Email=testplaytech.com, postcode=}</td></tr></table><p class="totop"><a href="#summary">back to summary</a></p><h3 id="m11">CORE_SUITE.RegistrationTest#RegistrationTest</h3><table class="result"><tr class="param"><th>Parameter #1</th></tr><tr class="param stripe"><td>{Browser=Mozilla, Password=££££££££££&gt;, contactNum=++U13234803556000, address=80.0, Screenname=adsggtt444^$£, Username=Snetplay-TV, Title=Miss, Expected_Result=FAILURE, confirmPassword=££££££££££&gt;, lastname=^^^^^&quot;&quot;&quot;**, Result=, Firstname=add*add, year=2018.0, Runmode=Y, city=London&amp;&amp;&amp;, promoCode=, day=23.0, county=1234555.0, month=Jun, Email=temmtt, postcode=SW8 3HE}</td></tr></table><p class="totop"><a href="#summary">back to summary</a></p><h3 id="m12">CORE_SUITE.RegistrationTest#RegistrationTest</h3><table class="result"><tr class="param"><th>Parameter #1</th></tr><tr class="param stripe"><td>{Browser=Mozilla, Password=1.2345678E7, contactNum=0207001000, address=0.08, Screenname=GGGGGGGGGGGGGGGGGGGG1, Username=markge, Title=DR, Expected_Result=FAILURE, confirmPassword=1.2345678E7, lastname=HJUUT12, Result=, Firstname=AGRT BG, year=1980.0, Runmode=Y, city=london1, promoCode=Prom2345, day=3.0, county=Greatest of LONDON area of united kingdon europes, month=OCT, Email=test@playtec.com, postcode=SW8 3HE}</td></tr></table><p class="totop"><a href="#summary">back to summary</a></p><h3 id="m13">CORE_SUITE.RegistrationTest#RegistrationTest</h3><table class="result"><tr class="param"><th>Parameter #1</th></tr><tr class="param stripe"><td>{Browser=Chrome, Password=GGGGGGGGGGGGGGGGGGGG1, contactNum=0207000100, address=8//, Screenname=1.234543212E9, Username=NNNNNNNNNNNNNNNNNNNNN1, Title=Ms, Expected_Result=FAILURE, confirmPassword=GGGGGGGGGGGGGGGGGGGG1, lastname=AGGTR&apos;S, Result=, Firstname=GHJUYT&apos;S, year=1980.0, Runmode=Y, city=L, promoCode=, day=3.0, county=Greater LONDON, month=OCT, Email=test@playtec.com, postcode=SW8 3HE}</td></tr></table><p class="totop"><a href="#summary">back to summary</a></p><h3 id="m14">CORE_SUITE.RegistrationTest#RegistrationTest</h3><table class="result"><tr class="param"><th>Parameter #1</th></tr><tr class="param stripe"><td>{Browser=Chrome, Password=ADSERTYG, contactNum=0207100600, address=8,silverthorne, Screenname=ASEDCFREEE, Username=1.2345678E7, Title=MR, Expected_Result=FAILURE, confirmPassword=ADSERTYG, lastname=ASEDDR, Result=, Firstname=, year=1980.0, Runmode=Y, city=Greatest of LONDON area of united kingdon europes, promoCode=BONUS200, day=3.0, county=Greatest of LONDON area of united kingdon europes, month=OCT, Email=test@playtec.com, postcode=}</td></tr></table><p class="totop"><a href="#summary">back to summary</a></p><h3 id="m15">CORE_SUITE.RegistrationTest#RegistrationTest</h3><table class="result"><tr class="param"><th>Parameter #1</th></tr><tr class="param stripe"><td>{Browser=Mozilla, Password=lookjng£*^, contactNum=0207100601, address=, Screenname=makomi1lbugo, Username=, Title=MR, Expected_Result=FAILURE, confirmPassword=lookjng£*^, lastname=, Result=, Firstname=asderty, year=1980.0, Runmode=Y, city=london, promoCode=, day=3.0, county=London, month=OCT, Email=, postcode=}</td></tr></table><p class="totop"><a href="#summary">back to summary</a></p><h2>ChangePasswordTest</h2><h3 id="m16">CORE_SUITE.ChangePasswordTest#ChangePasswordTest</h3><table class="result"><tr class="param"><th>Parameter #1</th></tr><tr class="param stripe"><td>{NewPassword=Looking/&gt;, OldPassword=Bola123$%^, Runmode=Y, ConfirmPassword=Looking/&gt;, Expected_Result=FAILURE, Browser=Mozilla, Result=}</td></tr><tr><th>Exception</th></tr><tr><td><div class="stacktrace">java.lang.AssertionError: Element not found - hpUsername_xpath
	at Base.TestBase.input(TestBase.java:214)
	at Base.TestBase.doLogin(TestBase.java:270)
	at Base.TestBase.doDefaultLogin(TestBase.java:285)
	at CORE_SUITE.ChangePasswordTest.ChangePasswordTest(ChangePasswordTest.java:35)
... Removed 27 stack frames</div></td></tr></table><p class="totop"><a href="#summary">back to summary</a></p><h3 id="m17">CORE_SUITE.ChangePasswordTest#ChangePasswordTest</h3><table class="result"><tr class="param"><th>Parameter #1</th></tr><tr class="param stripe"><td>{NewPassword=GGGGGGGGGGGGGGGGGGGG1122, OldPassword=Bola123$%^, Runmode=Y, ConfirmPassword=GGGGGGGGGGGGGGGGGGGG1122, Expected_Result=FAILURE, Browser=Chrome, Result=}</td></tr></table><p class="totop"><a href="#summary">back to summary</a></p><h3 id="m18">CORE_SUITE.ChangePasswordTest#ChangePasswordTest</h3><table class="result"><tr class="param"><th>Parameter #1</th></tr><tr class="param stripe"><td>{NewPassword=bola1$(), OldPassword=Bola123$%^, Runmode=Y, ConfirmPassword=bola1$(), Expected_Result=FAILURE, Browser=Chrome, Result=}</td></tr></table><p class="totop"><a href="#summary">back to summary</a></p><h3 id="m19">CORE_SUITE.ChangePasswordTest#ChangePasswordTest</h3><table class="result"><tr class="param"><th>Parameter #1</th></tr><tr class="param stripe"><td>{NewPassword=Bola1217, OldPassword=Bola123$%^, Runmode=Y, ConfirmPassword=Bola1217, Expected_Result=FAILURE, Browser=Chrome, Result=}</td></tr></table><p class="totop"><a href="#summary">back to summary</a></p><h3 id="m20">CORE_SUITE.ChangePasswordTest#ChangePasswordTest</h3><table class="result"><tr class="param"><th>Parameter #1</th></tr><tr class="param stripe"><td>{NewPassword=bola123, OldPassword=bola123, Runmode=Y, ConfirmPassword=bola123, Expected_Result=FAILURE, Browser=Chrome, Result=}</td></tr></table><p class="totop"><a href="#summary">back to summary</a></p><h3 id="m21">CORE_SUITE.ChangePasswordTest#ChangePasswordTest</h3><table class="result"><tr class="param"><th>Parameter #1</th></tr><tr class="param stripe"><td>{NewPassword=1.2345678E7, OldPassword=Bola123$%^, Runmode=Y, ConfirmPassword=1.2345678E7, Expected_Result=FAILURE, Browser=IE, Result=}</td></tr></table><p class="totop"><a href="#summary">back to summary</a></p><h3 id="m22">CORE_SUITE.ChangePasswordTest#ChangePasswordTest</h3><table class="result"><tr class="param"><th>Parameter #1</th></tr><tr class="param stripe"><td>{NewPassword=$$$$$%%1a, OldPassword=Bola123$%^, Runmode=Y, ConfirmPassword=$$$$$%%1a, Expected_Result=FAILURE, Browser=Mozilla, Result=}</td></tr></table><p class="totop"><a href="#summary">back to summary</a></p><h3 id="m23">CORE_SUITE.ChangePasswordTest#ChangePasswordTest</h3><table class="result"><tr class="param"><th>Parameter #1</th></tr><tr class="param stripe"><td>{NewPassword=££££££££££&gt;, OldPassword=Bola1235%^, Runmode=Y, ConfirmPassword=££££££££££&gt;, Expected_Result=FAILURE, Browser=Chrome, Result=}</td></tr></table><p class="totop"><a href="#summary">back to summary</a></p><h3 id="m24">CORE_SUITE.ChangePasswordTest#ChangePasswordTest</h3><table class="result"><tr class="param"><th>Parameter #1</th></tr><tr class="param stripe"><td>{NewPassword=ADSERTYG, OldPassword=Bola123$%^, Runmode=Y, ConfirmPassword=ADSERTYG, Expected_Result=FAILURE, Browser=Mozilla, Result=}</td></tr></table><p class="totop"><a href="#summary">back to summary</a></p><h3 id="m25">CORE_SUITE.ChangePasswordTest#ChangePasswordTest</h3><table class="result"><tr class="param"><th>Parameter #1</th></tr><tr class="param stripe"><td>{NewPassword=Bola1235$%^, OldPassword=Bola12$%^, Runmode=Y, ConfirmPassword=Bola1235$%^, Expected_Result=FAILURE, Browser=Mozilla, Result=}</td></tr></table><p class="totop"><a href="#summary">back to summary</a></p><h3 id="m26">CORE_SUITE.ChangePasswordTest#ChangePasswordTest</h3><table class="result"><tr class="param"><th>Parameter #1</th></tr><tr class="param stripe"><td>{NewPassword={generator}, OldPassword=tnBUxJcjlGA8EDP#F&quot;ha, Runmode=Y, ConfirmPassword={generator}, Expected_Result=SUCCESS, Browser=Chrome, Result=}</td></tr></table><p class="totop"><a href="#summary">back to summary</a></p><h3 id="m27">CORE_SUITE.ChangePasswordTest#ChangePasswordTest</h3><table class="result"><tr class="param"><th>Parameter #1</th></tr><tr class="param stripe"><td>{NewPassword=Manjuyt, OldPassword=Bola123$%^, Runmode=Y, ConfirmPassword=Manjuyt, Expected_Result=FAILURE, Browser=Chrome, Result=}</td></tr></table><p class="totop"><a href="#summary">back to summary</a></p><h2>ForgottenDetails Test</h2><h3 id="m28">CORE_SUITE.ForgottenDetailsTest#ForgottenDetailsTest</h3><table class="result"><tr class="param"><th>Parameter #1</th></tr><tr class="param stripe"><td>{NewPassword=££££££££££&gt;, Username=Noblebug228, Result=Correct, Runmode=Y, Email=test@playtech.com, Expected_Result=FAILURE, ConfirmPasswordR=££££££££££&gt;, month=NOV, year=1981.0, day=31.0, Browser=Mozilla}</td></tr><tr><th>Exception</th></tr><tr><td><div class="stacktrace">java.lang.AssertionError: Element not found - resetPassword_NewPassword_xpath
	at Base.TestBase.input(TestBase.java:214)
	at CORE_SUITE.ForgottenDetailsTest.ForgottenDetailsTest(ForgottenDetailsTest.java:45)
... Removed 27 stack frames</div></td></tr></table><p class="totop"><a href="#summary">back to summary</a></p><h3 id="m29">CORE_SUITE.ForgottenDetailsTest#ForgottenDetailsTest</h3><table class="result"><tr class="param"><th>Parameter #1</th></tr><tr class="param stripe"><td>{NewPassword=££££££££££&gt;, Username=Noblebug228, Result=Correct, Runmode=Y, Email=test@playtech.com, Expected_Result=FAILURE, ConfirmPasswordR=££££££££££&gt;, month=OCT, year=1980.0, day=30.0, Browser=Mozilla}</td></tr></table><p class="totop"><a href="#summary">back to summary</a></p><h3 id="m30">CORE_SUITE.ForgottenDetailsTest#ForgottenDetailsTest</h3><table class="result"><tr class="param"><th>Parameter #1</th></tr><tr class="param stripe"><td>{NewPassword=Bola123$%^, Username=Noblebug228, Result=Correct, Runmode=Y, Email=test@playtech.com, Expected_Result=SUCCESS, ConfirmPasswordR=Bola123$%^, month=OCT, year=1980.0, day=30.0, Browser=Mozilla}</td></tr></table><p class="totop"><a href="#summary">back to summary</a></p><h3 id="m31">CORE_SUITE.ForgottenDetailsTest#ForgottenDetailsTest</h3><table class="result"><tr class="param"><th>Parameter #1</th></tr><tr class="param stripe"><td>{NewPassword=bola1231, Username=manggee, Result=Incorrect, Runmode=Y, Email=test@playtech.com, Expected_Result=FAILURE, ConfirmPasswordR=bola1234, month=OCT, year=1990.0, day=3.0, Browser=Chrome}</td></tr></table><p class="totop"><a href="#summary">back to summary</a></p><h3 id="m32">CORE_SUITE.ForgottenDetailsTest#ForgottenDetailsTest</h3><table class="result"><tr class="param"><th>Parameter #1</th></tr><tr class="param stripe"><td>{NewPassword=bola1237, Username=, Result=Incorrect, Runmode=Y, Email=test@playtech.com, Expected_Result=FAILURE, ConfirmPasswordR=bola1234, month=Jan, year=1980.0, day=3.0, Browser=Chrome}</td></tr></table><p class="totop"><a href="#summary">back to summary</a></p><h3 id="m33">CORE_SUITE.ForgottenDetailsTest#ForgottenDetailsTest</h3><table class="result"><tr class="param"><th>Parameter #1</th></tr><tr class="param stripe"><td>{NewPassword=bolabola, Username=Noblebug228, Result=Correct, Runmode=Y, Email=test@playtech.com, Expected_Result=FAILURE, ConfirmPasswordR=bolabola, month=OCT, year=1980.0, day=30.0, Browser=Mozilla}</td></tr></table><p class="totop"><a href="#summary">back to summary</a></p><h3 id="m34">CORE_SUITE.ForgottenDetailsTest#ForgottenDetailsTest</h3><table class="result"><tr class="param"><th>Parameter #1</th></tr><tr class="param stripe"><td>{NewPassword=1.2345678E7, Username=Noblebug228, Result=Correct, Runmode=Y, Email=test@playtech.com, Expected_Result=FAILURE, ConfirmPasswordR=1.2345678E7, month=OCT, year=1980.0, day=30.0, Browser=Mozilla}</td></tr></table><p class="totop"><a href="#summary">back to summary</a></p><h3 id="m35">CORE_SUITE.ForgottenDetailsTest#ForgottenDetailsTest</h3><table class="result"><tr class="param"><th>Parameter #1</th></tr><tr class="param stripe"><td>{NewPassword=bola1234, Username=Nobelbug11, Result=Incorrect, Runmode=Y, Email=testplay.com, Expected_Result=FAILURE, ConfirmPasswordR=bola1234, month=Aug, year=1990.0, day=8.0, Browser=Mozilla}</td></tr></table><p class="totop"><a href="#summary">back to summary</a></p><h3 id="m36">CORE_SUITE.ForgottenDetailsTest#ForgottenDetailsTest</h3><table class="result"><tr class="param"><th>Parameter #1</th></tr><tr class="param stripe"><td>{NewPassword=bola1240, Username=H, Result=Incorrect, Runmode=Y, Email=test@playtech.com, Expected_Result=FAILURE, ConfirmPasswordR=bola1234, month=Aug, year=1990.0, day=8.0, Browser=Mozilla}</td></tr></table><p class="totop"><a href="#summary">back to summary</a></p><h3 id="m37">CORE_SUITE.ForgottenDetailsTest#ForgottenDetailsTest</h3><table class="result"><tr class="param"><th>Parameter #1</th></tr><tr class="param stripe"><td>{NewPassword=bola123, Username=Noblebug228, Result=Correct, Runmode=Y, Email=test@playtech.com, Expected_Result=FAILURE, ConfirmPasswordR=bola123, month=OCT, year=1980.0, day=30.0, Browser=Mozilla}</td></tr></table><p class="totop"><a href="#summary">back to summary</a></p><h3 id="m38">CORE_SUITE.ForgottenDetailsTest#ForgottenDetailsTest</h3><table class="result"><tr class="param"><th>Parameter #1</th></tr><tr class="param stripe"><td>{NewPassword=bola123$%^£, Username=Noblebug228, Result=Correct, Runmode=Y, Email=test@playtech.com, Expected_Result=FAILURE, ConfirmPasswordR=bola123$%^£, month=OCT, year=1980.0, day=30.0, Browser=Mozilla}</td></tr></table><p class="totop"><a href="#summary">back to summary</a></p><h3 id="m39">CORE_SUITE.ForgottenDetailsTest#ForgottenDetailsTest</h3><table class="result"><tr class="param"><th>Parameter #1</th></tr><tr class="param stripe"><td>{NewPassword=bola1£1, Username=Noblebug228, Result=Correct, Runmode=Y, Email=test@playtech.com, Expected_Result=FAILURE, ConfirmPasswordR=bola1£1, month=OCT, year=1980.0, day=30.0, Browser=Mozilla}</td></tr></table><p class="totop"><a href="#summary">back to summary</a></p><h2>HomePage Test</h2><h3 id="m40">CORE_SUITE.HomePageTest#JackpotBlockBeachTest</h3><table class="result"><tr class="param"><th>Parameter #1</th></tr><tr class="param stripe"><td>{}</td></tr></table><p class="totop"><a href="#summary">back to summary</a></p><h3 id="m41">CORE_SUITE.HomePageTest#footertest</h3><table class="result"><tr class="param"><th>Parameter #1</th></tr><tr class="param stripe"><td>{}</td></tr></table><p class="totop"><a href="#summary">back to summary</a></p><h3 id="m42">CORE_SUITE.HomePageTest#marktest</h3><table class="result"><tr class="param"><th>Parameter #1</th></tr><tr class="param stripe"><td>{}</td></tr></table><p class="totop"><a href="#summary">back to summary</a></p><h2>AboutUsTest</h2><h3 id="m43">Casino.AboutUsTest#AboutTest</h3><table class="result"><tr class="param"><th>Parameter #1</th></tr><tr class="param stripe"><td>{}</td></tr><tr><th>Exception</th></tr><tr><td><div class="stacktrace">java.lang.AssertionError: Element not found - aboutus_ProgressiveJackpot_xpath
	at Base.TestBase.click(TestBase.java:186)
	at Casino.AboutUsTest.AboutTest(AboutUsTest.java:54)
... Removed 27 stack frames</div></td></tr></table><p class="totop"><a href="#summary">back to summary</a></p><h3 id="m44">Casino.AboutUsTest#EnjoyRespoTest</h3><table class="result"><tr class="param"><th>Parameter #1</th></tr><tr class="param stripe"><td>{}</td></tr></table><p class="totop"><a href="#summary">back to summary</a></p><h2>GamesLunchTest</h2><h3 id="m45">Casino.GamesLunchTest#GettingStartedTest</h3><table class="result"><tr class="param"><th>Parameter #1</th></tr><tr class="param stripe"><td>{Col4=C43, Col3=C33, Col2=C22, Runmode=Y, Browser=Chrome, Result=}</td></tr><tr><th>Exception</th></tr><tr><td><div class="stacktrace">org.openqa.selenium.WebDriverException: unknown error: Element is not clickable at point (839, 592). Other element would receive the click: &lt;div class=&quot;login-overlay-footer overlay-footer&quot;&gt;...&lt;/div&gt;
  (Session info: chrome=56.0.2924.87)
  (Driver info: chromedriver=2.25.426923 (0390b88869384d6eb0d5d09729679f934aab9eed),platform=Windows NT 10.0.14393 x86_64) (WARNING: The server did not provide any stacktrace information)
Command duration or timeout: 44 milliseconds
Build info: version: &apos;2.53.0&apos;, revision: &apos;35ae25b1534ae328c771e0856c93e187490ca824&apos;, time: &apos;2016-03-15 10:43:46&apos;
System info: host: &apos;NP-SADEKUNLE&apos;, ip: &apos;10.44.3.81&apos;, os.name: &apos;Windows 10&apos;, os.arch: &apos;amd64&apos;, os.version: &apos;10.0&apos;, java.version: &apos;1.8.0_102&apos;
Driver info: org.openqa.selenium.chrome.ChromeDriver
Capabilities [{applicationCacheEnabled=false, rotatable=false, mobileEmulationEnabled=false, networkConnectionEnabled=false, chrome={chromedriverVersion=2.25.426923 (0390b88869384d6eb0d5d09729679f934aab9eed), userDataDir=C:\Users\SOLOMO~1.ADE\AppData\Local\Temp\scoped_dir40656_22912}, takesHeapSnapshot=true, pageLoadStrategy=normal, databaseEnabled=false, handlesAlerts=true, hasTouchScreen=false, version=56.0.2924.87, platform=XP, browserConnectionEnabled=false, nativeEvents=true, acceptSslCerts=true, locationContextEnabled=true, webStorageEnabled=true, browserName=chrome, takesScreenshot=true, javascriptEnabled=true, cssSelectorsEnabled=true}]
Session ID: 56652328e606ff2dde9d27470c338c20
	at org.openqa.selenium.remote.ErrorHandler.createThrowable(ErrorHandler.java:206)
	at org.openqa.selenium.remote.ErrorHandler.throwIfResponseFailed(ErrorHandler.java:158)
	at org.openqa.selenium.remote.RemoteWebDriver.execute(RemoteWebDriver.java:678)
	at org.openqa.selenium.remote.RemoteWebElement.execute(RemoteWebElement.java:327)
	at org.openqa.selenium.remote.RemoteWebElement.click(RemoteWebElement.java:85)
	at Base.TestBase.click(TestBase.java:183)
	at Casino.GamesLunchTest.GettingStartedTest(GamesLunchTest.java:28)
... Removed 30 stack frames</div></td></tr></table><p class="totop"><a href="#summary">back to summary</a></p><h2>GettingStartedTes</h2><h3 id="m46">Casino.GettingStartedTest#GettingStartedTest</h3><table class="result"><tr class="param"><th>Parameter #1</th></tr><tr class="param stripe"><td>{Col4=C43, Col3=C33, Col2=C22, Runmode=Y, Browser=Chrome, Result=}</td></tr></table><p class="totop"><a href="#summary">back to summary</a></p><h3 id="m47">Casino.GettingStartedTest#HowToWithdrawTest</h3><table class="result"><tr class="param"><th>Parameter #1</th></tr><tr class="param stripe"><td>{}</td></tr></table><p class="totop"><a href="#summary">back to summary</a></p><h3 id="m48">Casino.GettingStartedTest#VIPTest</h3><table class="result"><tr class="param"><th>Parameter #1</th></tr><tr class="param stripe"><td>{}</td></tr></table><p class="totop"><a href="#summary">back to summary</a></p><h2>LiveTest</h2><h3 id="m49">Casino.LiveTest#LiveFooterTest</h3><table class="result"><tr class="param"><th>Parameter #1</th></tr><tr class="param stripe"><td>{}</td></tr><tr><th>Exception</th></tr><tr><td><div class="stacktrace">org.openqa.selenium.WebDriverException: unknown error: Element is not clickable at point (1046, 153). Other element would receive the click: &lt;div class=&quot;modal fade default-modal login-modal pas-login in&quot; tabindex=&quot;-1&quot; role=&quot;dialog&quot; aria-labelledby=&quot;myModalLabel&quot; aria-hidden=&quot;true&quot; style=&quot;display: block; padding-right: 17px;&quot;&gt;...&lt;/div&gt;
  (Session info: chrome=56.0.2924.87)
  (Driver info: chromedriver=2.25.426923 (0390b88869384d6eb0d5d09729679f934aab9eed),platform=Windows NT 10.0.14393 x86_64) (WARNING: The server did not provide any stacktrace information)
Command duration or timeout: 30 milliseconds
Build info: version: &apos;2.53.0&apos;, revision: &apos;35ae25b1534ae328c771e0856c93e187490ca824&apos;, time: &apos;2016-03-15 10:43:46&apos;
System info: host: &apos;NP-SADEKUNLE&apos;, ip: &apos;10.44.3.81&apos;, os.name: &apos;Windows 10&apos;, os.arch: &apos;amd64&apos;, os.version: &apos;10.0&apos;, java.version: &apos;1.8.0_102&apos;
Driver info: org.openqa.selenium.chrome.ChromeDriver
Capabilities [{applicationCacheEnabled=false, rotatable=false, mobileEmulationEnabled=false, networkConnectionEnabled=false, chrome={chromedriverVersion=2.25.426923 (0390b88869384d6eb0d5d09729679f934aab9eed), userDataDir=C:\Users\SOLOMO~1.ADE\AppData\Local\Temp\scoped_dir45424_6186}, takesHeapSnapshot=true, pageLoadStrategy=normal, databaseEnabled=false, handlesAlerts=true, hasTouchScreen=false, version=56.0.2924.87, platform=XP, browserConnectionEnabled=false, nativeEvents=true, acceptSslCerts=true, locationContextEnabled=true, webStorageEnabled=true, browserName=chrome, takesScreenshot=true, javascriptEnabled=true, cssSelectorsEnabled=true}]
Session ID: 111266de8cbedc6ea60456f0e3cdc3ea
	at org.openqa.selenium.remote.ErrorHandler.createThrowable(ErrorHandler.java:206)
	at org.openqa.selenium.remote.ErrorHandler.throwIfResponseFailed(ErrorHandler.java:158)
	at org.openqa.selenium.remote.RemoteWebDriver.execute(RemoteWebDriver.java:678)
	at org.openqa.selenium.remote.RemoteWebElement.execute(RemoteWebElement.java:327)
	at org.openqa.selenium.remote.RemoteWebElement.click(RemoteWebElement.java:85)
	at Base.TestBase.click(TestBase.java:183)
	at Casino.LiveTest.LiveFooterTest(LiveTest.java:46)
... Removed 30 stack frames</div></td></tr></table><p class="totop"><a href="#summary">back to summary</a></p><h3 id="m50">Casino.LiveTest#LiveTest</h3><table class="result"><tr class="param"><th>Parameter #1</th></tr><tr class="param stripe"><td>{}</td></tr><tr><th>Exception</th></tr><tr><td><div class="stacktrace">org.openqa.selenium.WebDriverException: unknown error: Element is not clickable at point (1046, 153). Other element would receive the click: &lt;div class=&quot;modal fade default-modal login-modal pas-login in&quot; tabindex=&quot;-1&quot; role=&quot;dialog&quot; aria-labelledby=&quot;myModalLabel&quot; aria-hidden=&quot;true&quot; style=&quot;display: block; padding-right: 17px;&quot;&gt;...&lt;/div&gt;
  (Session info: chrome=56.0.2924.87)
  (Driver info: chromedriver=2.25.426923 (0390b88869384d6eb0d5d09729679f934aab9eed),platform=Windows NT 10.0.14393 x86_64) (WARNING: The server did not provide any stacktrace information)
Command duration or timeout: 31 milliseconds
Build info: version: &apos;2.53.0&apos;, revision: &apos;35ae25b1534ae328c771e0856c93e187490ca824&apos;, time: &apos;2016-03-15 10:43:46&apos;
System info: host: &apos;NP-SADEKUNLE&apos;, ip: &apos;10.44.3.81&apos;, os.name: &apos;Windows 10&apos;, os.arch: &apos;amd64&apos;, os.version: &apos;10.0&apos;, java.version: &apos;1.8.0_102&apos;
Driver info: org.openqa.selenium.chrome.ChromeDriver
Capabilities [{applicationCacheEnabled=false, rotatable=false, mobileEmulationEnabled=false, networkConnectionEnabled=false, chrome={chromedriverVersion=2.25.426923 (0390b88869384d6eb0d5d09729679f934aab9eed), userDataDir=C:\Users\SOLOMO~1.ADE\AppData\Local\Temp\scoped_dir38740_25948}, takesHeapSnapshot=true, pageLoadStrategy=normal, databaseEnabled=false, handlesAlerts=true, hasTouchScreen=false, version=56.0.2924.87, platform=XP, browserConnectionEnabled=false, nativeEvents=true, acceptSslCerts=true, locationContextEnabled=true, webStorageEnabled=true, browserName=chrome, takesScreenshot=true, javascriptEnabled=true, cssSelectorsEnabled=true}]
Session ID: 2c58da4c9c909d35249c889cf08c7eef
	at org.openqa.selenium.remote.ErrorHandler.createThrowable(ErrorHandler.java:206)
	at org.openqa.selenium.remote.ErrorHandler.throwIfResponseFailed(ErrorHandler.java:158)
	at org.openqa.selenium.remote.RemoteWebDriver.execute(RemoteWebDriver.java:678)
	at org.openqa.selenium.remote.RemoteWebElement.execute(RemoteWebElement.java:327)
	at org.openqa.selenium.remote.RemoteWebElement.click(RemoteWebElement.java:85)
	at Base.TestBase.click(TestBase.java:183)
	at Casino.LiveTest.LiveTest(LiveTest.java:29)
... Removed 30 stack frames</div></td></tr></table><p class="totop"><a href="#summary">back to summary</a></p><h3 id="m51">Casino.LiveTest#LiveForgottenDetailsTest</h3><table class="result"><tr class="param"><th>Parameter #1</th></tr><tr class="param stripe"><td>{}</td></tr></table><p class="totop"><a href="#summary">back to summary</a></p><h2>LoginErrorTest</h2><h3 id="m52">Casino.LoginErrorTest#LoginErrorTest</h3><table class="result"><tr class="param"><th>Parameter #1</th></tr><tr class="param stripe"><td>{Username=asdeghtt, Password=asdetrgh, Runmode=Y, Browser=Chrome, Result=}</td></tr></table><p class="totop"><a href="#summary">back to summary</a></p><h2>PromotionTest</h2><h3 id="m53">Casino.PromotionTest#COMPETITIONTest</h3><table class="result"><tr class="param"><th>Parameter #1</th></tr><tr class="param stripe"><td>{}</td></tr><tr><th>Exception</th></tr><tr><td><div class="stacktrace">org.openqa.selenium.WebDriverException: unknown error: Element is not clickable at point (1236, 153). Other element would receive the click: &lt;div class=&quot;modal fade default-modal login-modal pas-login in&quot; tabindex=&quot;-1&quot; role=&quot;dialog&quot; aria-labelledby=&quot;myModalLabel&quot; aria-hidden=&quot;true&quot; style=&quot;display: block; padding-right: 17px;&quot;&gt;...&lt;/div&gt;
  (Session info: chrome=56.0.2924.87)
  (Driver info: chromedriver=2.25.426923 (0390b88869384d6eb0d5d09729679f934aab9eed),platform=Windows NT 10.0.14393 x86_64) (WARNING: The server did not provide any stacktrace information)
Command duration or timeout: 42 milliseconds
Build info: version: &apos;2.53.0&apos;, revision: &apos;35ae25b1534ae328c771e0856c93e187490ca824&apos;, time: &apos;2016-03-15 10:43:46&apos;
System info: host: &apos;NP-SADEKUNLE&apos;, ip: &apos;10.44.3.81&apos;, os.name: &apos;Windows 10&apos;, os.arch: &apos;amd64&apos;, os.version: &apos;10.0&apos;, java.version: &apos;1.8.0_102&apos;
Driver info: org.openqa.selenium.chrome.ChromeDriver
Capabilities [{applicationCacheEnabled=false, rotatable=false, mobileEmulationEnabled=false, networkConnectionEnabled=false, chrome={chromedriverVersion=2.25.426923 (0390b88869384d6eb0d5d09729679f934aab9eed), userDataDir=C:\Users\SOLOMO~1.ADE\AppData\Local\Temp\scoped_dir41484_3759}, takesHeapSnapshot=true, pageLoadStrategy=normal, databaseEnabled=false, handlesAlerts=true, hasTouchScreen=false, version=56.0.2924.87, platform=XP, browserConnectionEnabled=false, nativeEvents=true, acceptSslCerts=true, locationContextEnabled=true, webStorageEnabled=true, browserName=chrome, takesScreenshot=true, javascriptEnabled=true, cssSelectorsEnabled=true}]
Session ID: 1ce409ebc2102e54f37eb3f3e3976dae
	at org.openqa.selenium.remote.ErrorHandler.createThrowable(ErrorHandler.java:206)
	at org.openqa.selenium.remote.ErrorHandler.throwIfResponseFailed(ErrorHandler.java:158)
	at org.openqa.selenium.remote.RemoteWebDriver.execute(RemoteWebDriver.java:678)
	at org.openqa.selenium.remote.RemoteWebElement.execute(RemoteWebElement.java:327)
	at org.openqa.selenium.remote.RemoteWebElement.click(RemoteWebElement.java:85)
	at Base.TestBase.click(TestBase.java:183)
	at Casino.PromotionTest.COMPETITIONTest(PromotionTest.java:89)
... Removed 30 stack frames</div></td></tr></table><p class="totop"><a href="#summary">back to summary</a></p><h3 id="m54">Casino.PromotionTest#Promopage1</h3><table class="result"><tr class="param"><th>Parameter #1</th></tr><tr class="param stripe"><td>{}</td></tr></table><p class="totop"><a href="#summary">back to summary</a></p><h2>SearchGamesTest</h2><h3 id="m55">Casino.SearchGamesTest#SearchGamesTest</h3><table class="result"><tr class="param"><th>Parameter #1</th></tr><tr class="param stripe"><td>{Games=naggre, Runmode=Y, Expected_Result=FAILURE, Browser=Chrome, Result=}</td></tr><tr><th>Exception</th></tr><tr><td><div class="stacktrace">org.openqa.selenium.WebDriverException: unknown error: Element is not clickable at point (1294, 466). Other element would receive the click: &lt;div class=&quot;modal fade default-modal login-modal pas-login in&quot; tabindex=&quot;-1&quot; role=&quot;dialog&quot; aria-labelledby=&quot;myModalLabel&quot; aria-hidden=&quot;true&quot; style=&quot;display: block; padding-right: 17px;&quot;&gt;...&lt;/div&gt;
  (Session info: chrome=56.0.2924.87)
  (Driver info: chromedriver=2.25.426923 (0390b88869384d6eb0d5d09729679f934aab9eed),platform=Windows NT 10.0.14393 x86_64) (WARNING: The server did not provide any stacktrace information)
Command duration or timeout: 63 milliseconds
Build info: version: &apos;2.53.0&apos;, revision: &apos;35ae25b1534ae328c771e0856c93e187490ca824&apos;, time: &apos;2016-03-15 10:43:46&apos;
System info: host: &apos;NP-SADEKUNLE&apos;, ip: &apos;10.44.3.81&apos;, os.name: &apos;Windows 10&apos;, os.arch: &apos;amd64&apos;, os.version: &apos;10.0&apos;, java.version: &apos;1.8.0_102&apos;
Driver info: org.openqa.selenium.chrome.ChromeDriver
Capabilities [{applicationCacheEnabled=false, rotatable=false, mobileEmulationEnabled=false, networkConnectionEnabled=false, chrome={chromedriverVersion=2.25.426923 (0390b88869384d6eb0d5d09729679f934aab9eed), userDataDir=C:\Users\SOLOMO~1.ADE\AppData\Local\Temp\scoped_dir46048_8305}, takesHeapSnapshot=true, pageLoadStrategy=normal, databaseEnabled=false, handlesAlerts=true, hasTouchScreen=false, version=56.0.2924.87, platform=XP, browserConnectionEnabled=false, nativeEvents=true, acceptSslCerts=true, locationContextEnabled=true, webStorageEnabled=true, browserName=chrome, takesScreenshot=true, javascriptEnabled=true, cssSelectorsEnabled=true}]
Session ID: e18eb6c636800850ac295b6533af7f1f
	at org.openqa.selenium.remote.ErrorHandler.createThrowable(ErrorHandler.java:206)
	at org.openqa.selenium.remote.ErrorHandler.throwIfResponseFailed(ErrorHandler.java:158)
	at org.openqa.selenium.remote.RemoteWebDriver.execute(RemoteWebDriver.java:678)
	at org.openqa.selenium.remote.RemoteWebElement.execute(RemoteWebElement.java:327)
	at org.openqa.selenium.remote.RemoteWebElement.click(RemoteWebElement.java:85)
	at Base.TestBase.click(TestBase.java:183)
	at Casino.SearchGamesTest.SearchGamesTest(SearchGamesTest.java:33)
... Removed 30 stack frames</div></td></tr></table><p class="totop"><a href="#summary">back to summary</a></p><h3 id="m56">Casino.SearchGamesTest#SearchGamesTest</h3><table class="result"><tr class="param"><th>Parameter #1</th></tr><tr class="param stripe"><td>{Games=DoubleUp Roulette, Runmode=Y, Expected_Result=SUCCESS, Browser=Chrome, Result=}</td></tr><tr><th>Exception</th></tr><tr><td><div class="stacktrace">org.openqa.selenium.WebDriverException: unknown error: Element is not clickable at point (1294, 466). Other element would receive the click: &lt;div class=&quot;modal fade default-modal login-modal pas-login in&quot; tabindex=&quot;-1&quot; role=&quot;dialog&quot; aria-labelledby=&quot;myModalLabel&quot; aria-hidden=&quot;true&quot; style=&quot;display: block; padding-right: 17px;&quot;&gt;...&lt;/div&gt;
  (Session info: chrome=56.0.2924.87)
  (Driver info: chromedriver=2.25.426923 (0390b88869384d6eb0d5d09729679f934aab9eed),platform=Windows NT 10.0.14393 x86_64) (WARNING: The server did not provide any stacktrace information)
Command duration or timeout: 66 milliseconds
Build info: version: &apos;2.53.0&apos;, revision: &apos;35ae25b1534ae328c771e0856c93e187490ca824&apos;, time: &apos;2016-03-15 10:43:46&apos;
System info: host: &apos;NP-SADEKUNLE&apos;, ip: &apos;10.44.3.81&apos;, os.name: &apos;Windows 10&apos;, os.arch: &apos;amd64&apos;, os.version: &apos;10.0&apos;, java.version: &apos;1.8.0_102&apos;
Driver info: org.openqa.selenium.chrome.ChromeDriver
Capabilities [{applicationCacheEnabled=false, rotatable=false, mobileEmulationEnabled=false, networkConnectionEnabled=false, chrome={chromedriverVersion=2.25.426923 (0390b88869384d6eb0d5d09729679f934aab9eed), userDataDir=C:\Users\SOLOMO~1.ADE\AppData\Local\Temp\scoped_dir44932_25612}, takesHeapSnapshot=true, pageLoadStrategy=normal, databaseEnabled=false, handlesAlerts=true, hasTouchScreen=false, version=56.0.2924.87, platform=XP, browserConnectionEnabled=false, nativeEvents=true, acceptSslCerts=true, locationContextEnabled=true, webStorageEnabled=true, browserName=chrome, takesScreenshot=true, javascriptEnabled=true, cssSelectorsEnabled=true}]
Session ID: 10f05348bc6fe643bfed266102f86a7e
	at org.openqa.selenium.remote.ErrorHandler.createThrowable(ErrorHandler.java:206)
	at org.openqa.selenium.remote.ErrorHandler.throwIfResponseFailed(ErrorHandler.java:158)
	at org.openqa.selenium.remote.RemoteWebDriver.execute(RemoteWebDriver.java:678)
	at org.openqa.selenium.remote.RemoteWebElement.execute(RemoteWebElement.java:327)
	at org.openqa.selenium.remote.RemoteWebElement.click(RemoteWebElement.java:85)
	at Base.TestBase.click(TestBase.java:183)
	at Casino.SearchGamesTest.SearchGamesTest(SearchGamesTest.java:33)
... Removed 30 stack frames</div></td></tr></table><p class="totop"><a href="#summary">back to summary</a></p><h2>VegasTest</h2><h3 id="m57">Casino.VegasTest#VegasGamesLunhTest</h3><table class="result"><tr class="param"><th>Parameter #1</th></tr><tr class="param stripe"><td>{}</td></tr><tr><th>Exception</th></tr><tr><td><div class="stacktrace">org.openqa.selenium.WebDriverException: unknown error: Element is not clickable at point (856, 153). Other element would receive the click: &lt;div class=&quot;modal fade default-modal login-modal pas-login in&quot; tabindex=&quot;-1&quot; role=&quot;dialog&quot; aria-labelledby=&quot;myModalLabel&quot; aria-hidden=&quot;true&quot; style=&quot;display: block; padding-right: 17px;&quot;&gt;...&lt;/div&gt;
  (Session info: chrome=56.0.2924.87)
  (Driver info: chromedriver=2.25.426923 (0390b88869384d6eb0d5d09729679f934aab9eed),platform=Windows NT 10.0.14393 x86_64) (WARNING: The server did not provide any stacktrace information)
Command duration or timeout: 76 milliseconds
Build info: version: &apos;2.53.0&apos;, revision: &apos;35ae25b1534ae328c771e0856c93e187490ca824&apos;, time: &apos;2016-03-15 10:43:46&apos;
System info: host: &apos;NP-SADEKUNLE&apos;, ip: &apos;10.44.3.81&apos;, os.name: &apos;Windows 10&apos;, os.arch: &apos;amd64&apos;, os.version: &apos;10.0&apos;, java.version: &apos;1.8.0_102&apos;
Driver info: org.openqa.selenium.chrome.ChromeDriver
Capabilities [{applicationCacheEnabled=false, rotatable=false, mobileEmulationEnabled=false, networkConnectionEnabled=false, chrome={chromedriverVersion=2.25.426923 (0390b88869384d6eb0d5d09729679f934aab9eed), userDataDir=C:\Users\SOLOMO~1.ADE\AppData\Local\Temp\scoped_dir45700_14264}, takesHeapSnapshot=true, pageLoadStrategy=normal, databaseEnabled=false, handlesAlerts=true, hasTouchScreen=false, version=56.0.2924.87, platform=XP, browserConnectionEnabled=false, nativeEvents=true, acceptSslCerts=true, locationContextEnabled=true, webStorageEnabled=true, browserName=chrome, takesScreenshot=true, javascriptEnabled=true, cssSelectorsEnabled=true}]
Session ID: d7688c7b9128cff7e93ad05b9aa09ef5
	at org.openqa.selenium.remote.ErrorHandler.createThrowable(ErrorHandler.java:206)
	at org.openqa.selenium.remote.ErrorHandler.throwIfResponseFailed(ErrorHandler.java:158)
	at org.openqa.selenium.remote.RemoteWebDriver.execute(RemoteWebDriver.java:678)
	at org.openqa.selenium.remote.RemoteWebElement.execute(RemoteWebElement.java:327)
	at org.openqa.selenium.remote.RemoteWebElement.click(RemoteWebElement.java:85)
	at Base.TestBase.click(TestBase.java:183)
	at Casino.VegasTest.VegasGamesLunhTest(VegasTest.java:186)
... Removed 30 stack frames</div></td></tr></table><p class="totop"><a href="#summary">back to summary</a></p><h3 id="m58">Casino.VegasTest#VegasTest</h3><table class="result"><tr class="param"><th>Parameter #1</th></tr><tr class="param stripe"><td>{Username=, Password=, Runmode=Y, Browser=Chrome, Result=}</td></tr><tr><th>Exception</th></tr><tr><td><div class="stacktrace">org.openqa.selenium.WebDriverException: unknown error: Element is not clickable at point (856, 153). Other element would receive the click: &lt;div class=&quot;modal fade default-modal login-modal pas-login in&quot; tabindex=&quot;-1&quot; role=&quot;dialog&quot; aria-labelledby=&quot;myModalLabel&quot; aria-hidden=&quot;true&quot; style=&quot;display: block; padding-right: 17px;&quot;&gt;...&lt;/div&gt;
  (Session info: chrome=56.0.2924.87)
  (Driver info: chromedriver=2.25.426923 (0390b88869384d6eb0d5d09729679f934aab9eed),platform=Windows NT 10.0.14393 x86_64) (WARNING: The server did not provide any stacktrace information)
Command duration or timeout: 41 milliseconds
Build info: version: &apos;2.53.0&apos;, revision: &apos;35ae25b1534ae328c771e0856c93e187490ca824&apos;, time: &apos;2016-03-15 10:43:46&apos;
System info: host: &apos;NP-SADEKUNLE&apos;, ip: &apos;10.44.3.81&apos;, os.name: &apos;Windows 10&apos;, os.arch: &apos;amd64&apos;, os.version: &apos;10.0&apos;, java.version: &apos;1.8.0_102&apos;
Driver info: org.openqa.selenium.chrome.ChromeDriver
Capabilities [{applicationCacheEnabled=false, rotatable=false, mobileEmulationEnabled=false, networkConnectionEnabled=false, chrome={chromedriverVersion=2.25.426923 (0390b88869384d6eb0d5d09729679f934aab9eed), userDataDir=C:\Users\SOLOMO~1.ADE\AppData\Local\Temp\scoped_dir33224_29438}, takesHeapSnapshot=true, pageLoadStrategy=normal, databaseEnabled=false, handlesAlerts=true, hasTouchScreen=false, version=56.0.2924.87, platform=XP, browserConnectionEnabled=false, nativeEvents=true, acceptSslCerts=true, locationContextEnabled=true, webStorageEnabled=true, browserName=chrome, takesScreenshot=true, javascriptEnabled=true, cssSelectorsEnabled=true}]
Session ID: aafbefdef4eaa59fe735acd4bc7801d0
	at org.openqa.selenium.remote.ErrorHandler.createThrowable(ErrorHandler.java:206)
	at org.openqa.selenium.remote.ErrorHandler.throwIfResponseFailed(ErrorHandler.java:158)
	at org.openqa.selenium.remote.RemoteWebDriver.execute(RemoteWebDriver.java:678)
	at org.openqa.selenium.remote.RemoteWebElement.execute(RemoteWebElement.java:327)
	at org.openqa.selenium.remote.RemoteWebElement.click(RemoteWebElement.java:85)
	at Base.TestBase.click(TestBase.java:183)
	at Casino.VegasTest.VegasTest(VegasTest.java:37)
... Removed 30 stack frames</div></td></tr></table><p class="totop"><a href="#summary">back to summary</a></p><h3 id="m59">Casino.VegasTest#VegasFooterTest</h3><table class="result"><tr class="param"><th>Parameter #1</th></tr><tr class="param stripe"><td>{}</td></tr></table><p class="totop"><a href="#summary">back to summary</a></p><h3 id="m60">Casino.VegasTest#VegasJackpotTest</h3><table class="result"><tr class="param"><th>Parameter #1</th></tr><tr class="param stripe"><td>{}</td></tr></table><p class="totop"><a href="#summary">back to summary</a></p><h2>PresentersTest</h2><h3 id="m61">Casino.PresentersTest#TvPresnterTest</h3><table class="result"><tr class="param"><th>Parameter #1</th></tr><tr class="param stripe"><td>{}</td></tr></table><p class="totop"><a href="#summary">back to summary</a></p><h2>GameInfoPageTest</h2><h3 id="m62">Casino.GameInfoPageTest#GameInfoTest</h3><table class="result"><tr class="param"><th>Parameter #1</th></tr><tr class="param stripe"><td>{}</td></tr><tr><th>Exception</th></tr><tr><td><div class="stacktrace">org.openqa.selenium.TimeoutException: Timed out after 20 seconds waiting for visibility of all elements located by By.cssSelector: div#account_box a.deposit
Build info: version: &apos;2.53.0&apos;, revision: &apos;35ae25b1534ae328c771e0856c93e187490ca824&apos;, time: &apos;2016-03-15 10:43:46&apos;
System info: host: &apos;NP-SADEKUNLE&apos;, ip: &apos;10.44.3.81&apos;, os.name: &apos;Windows 10&apos;, os.arch: &apos;amd64&apos;, os.version: &apos;10.0&apos;, java.version: &apos;1.8.0_102&apos;
Driver info: org.openqa.selenium.chrome.ChromeDriver
Capabilities [{applicationCacheEnabled=false, rotatable=false, mobileEmulationEnabled=false, networkConnectionEnabled=false, chrome={chromedriverVersion=2.25.426923 (0390b88869384d6eb0d5d09729679f934aab9eed), userDataDir=C:\Users\SOLOMO~1.ADE\AppData\Local\Temp\scoped_dir45112_11979}, takesHeapSnapshot=true, pageLoadStrategy=normal, databaseEnabled=false, handlesAlerts=true, hasTouchScreen=false, version=56.0.2924.87, platform=XP, browserConnectionEnabled=false, nativeEvents=true, acceptSslCerts=true, locationContextEnabled=true, webStorageEnabled=true, browserName=chrome, takesScreenshot=true, javascriptEnabled=true, cssSelectorsEnabled=true}]
Session ID: be99e9fc4d73d326279921ab20836e73
	at org.openqa.selenium.support.ui.WebDriverWait.timeoutException(WebDriverWait.java:80)
	at org.openqa.selenium.support.ui.FluentWait.until(FluentWait.java:261)
	at Casino.GameInfoPageTest.GameInfoTest(GameInfoPageTest.java:31)
... Removed 26 stack frames</div></td></tr></table><p class="totop"><a href="#summary">back to summary</a></p><h2>DepositTest</h2><h3 id="m63">Cashier.DepositTest#DepositTest</h3><table class="result"><tr class="param"><th>Parameter #1</th></tr><tr class="param stripe"><td>{Card=3625.0, Amount=20.0, Runmode=Y, Cvv2=12, promoCode=, Expected_Result=FAILURE, Browser=Chrome, Result=}</td></tr><tr><th>Exception</th></tr><tr><td><div class="stacktrace">java.lang.AssertionError: Element not found - hpDeposit_xpath
	at Base.TestBase.click(TestBase.java:186)
	at Cashier.DepositTest.DepositTest(DepositTest.java:33)
... Removed 27 stack frames</div></td></tr></table><p class="totop"><a href="#summary">back to summary</a></p><h3 id="m64">Cashier.DepositTest#DepositTest</h3><table class="result"><tr class="param"><th>Parameter #1</th></tr><tr class="param stripe"><td>{Card=3625.0, Amount=20.0, Runmode=Y, Cvv2=123, promoCode=, Expected_Result=SUCCESS, Browser=Chrome, Result=}</td></tr><tr><th>Exception</th></tr><tr><td><div class="stacktrace">java.lang.AssertionError: Element not found - hpDeposit_xpath
	at Base.TestBase.click(TestBase.java:186)
	at Cashier.DepositTest.DepositTest(DepositTest.java:33)
... Removed 27 stack frames</div></td></tr></table><p class="totop"><a href="#summary">back to summary</a></p><h3 id="m65">Cashier.DepositTest#DepositTest</h3><table class="result"><tr class="param"><th>Parameter #1</th></tr><tr class="param stripe"><td>{Card=3625.0, Amount=3.0, Runmode=Y, Cvv2=123, promoCode=, Expected_Result=FAILURE, Browser=Chrome, Result=}</td></tr><tr><th>Exception</th></tr><tr><td><div class="stacktrace">java.lang.AssertionError: Element not found - hpDeposit_xpath
	at Base.TestBase.click(TestBase.java:186)
	at Cashier.DepositTest.DepositTest(DepositTest.java:33)
... Removed 27 stack frames</div></td></tr></table><p class="totop"><a href="#summary">back to summary</a></p><h3 id="m66">Cashier.DepositTest#DepositTest</h3><table class="result"><tr class="param"><th>Parameter #1</th></tr><tr class="param stripe"><td>{Card=3625.0, Amount=20.0, Runmode=Y, Cvv2=123, promoCode=Bonse120, Expected_Result=FAILURE, Browser=Chrome, Result=}</td></tr><tr><th>Exception</th></tr><tr><td><div class="stacktrace">java.lang.AssertionError: Element not found - hpDeposit_xpath
	at Base.TestBase.click(TestBase.java:186)
	at Cashier.DepositTest.DepositTest(DepositTest.java:33)
... Removed 27 stack frames</div></td></tr></table><p class="totop"><a href="#summary">back to summary</a></p><h3 id="m67">Cashier.DepositTest#DepositTest</h3><table class="result"><tr class="param"><th>Parameter #1</th></tr><tr class="param stripe"><td>{Card=2257.0, Amount=20.0, Runmode=Y, Cvv2=, promoCode=, Expected_Result=FAILURE, Browser=Chrome, Result=}</td></tr><tr><th>Exception</th></tr><tr><td><div class="stacktrace">java.lang.AssertionError: Element not found - hpDeposit_xpath
	at Base.TestBase.click(TestBase.java:186)
	at Cashier.DepositTest.DepositTest(DepositTest.java:33)
... Removed 27 stack frames</div></td></tr></table><p class="totop"><a href="#summary">back to summary</a></p><h2>Cashier_RegisterNewCard</h2><h2>AccountSummaryTest</h2><h3 id="m68">Cashier.AccountSummaryTest#AccountSummarytest</h3><table class="result"><tr class="param"><th>Parameter #1</th></tr><tr class="param stripe"><td>{}</td></tr><tr><th>Exception</th></tr><tr><td><div class="stacktrace">org.openqa.selenium.NoSuchElementException: no such element: Unable to locate element: {&quot;method&quot;:&quot;xpath&quot;,&quot;selector&quot;:&quot;//*[@id=&apos;account_box&apos;]/ul[1]/li[1]/a&quot;}
  (Session info: chrome=56.0.2924.87)
  (Driver info: chromedriver=2.25.426923 (0390b88869384d6eb0d5d09729679f934aab9eed),platform=Windows NT 10.0.14393 x86_64) (WARNING: The server did not provide any stacktrace information)
Command duration or timeout: 10.02 seconds
For documentation on this error, please visit: http://seleniumhq.org/exceptions/no_such_element.html
Build info: version: &apos;2.53.0&apos;, revision: &apos;35ae25b1534ae328c771e0856c93e187490ca824&apos;, time: &apos;2016-03-15 10:43:46&apos;
System info: host: &apos;NP-SADEKUNLE&apos;, ip: &apos;10.44.3.81&apos;, os.name: &apos;Windows 10&apos;, os.arch: &apos;amd64&apos;, os.version: &apos;10.0&apos;, java.version: &apos;1.8.0_102&apos;
Driver info: org.openqa.selenium.chrome.ChromeDriver
Capabilities [{applicationCacheEnabled=false, rotatable=false, mobileEmulationEnabled=false, networkConnectionEnabled=false, chrome={chromedriverVersion=2.25.426923 (0390b88869384d6eb0d5d09729679f934aab9eed), userDataDir=C:\Users\SOLOMO~1.ADE\AppData\Local\Temp\scoped_dir34596_25553}, takesHeapSnapshot=true, pageLoadStrategy=normal, databaseEnabled=false, handlesAlerts=true, hasTouchScreen=false, version=56.0.2924.87, platform=XP, browserConnectionEnabled=false, nativeEvents=true, acceptSslCerts=true, locationContextEnabled=true, webStorageEnabled=true, browserName=chrome, takesScreenshot=true, javascriptEnabled=true, cssSelectorsEnabled=true}]
Session ID: c251a2d4f7aa5687b9330c9a84806829
*** Element info: {Using=xpath, value=//*[@id=&apos;account_box&apos;]/ul[1]/li[1]/a}
	at org.openqa.selenium.remote.ErrorHandler.createThrowable(ErrorHandler.java:206)
	at org.openqa.selenium.remote.ErrorHandler.throwIfResponseFailed(ErrorHandler.java:158)
	at org.openqa.selenium.remote.RemoteWebDriver.execute(RemoteWebDriver.java:678)
	at org.openqa.selenium.remote.RemoteWebDriver.findElement(RemoteWebDriver.java:363)
	at org.openqa.selenium.remote.RemoteWebDriver.findElementByXPath(RemoteWebDriver.java:500)
	at org.openqa.selenium.By$ByXPath.findElement(By.java:361)
	at org.openqa.selenium.remote.RemoteWebDriver.findElement(RemoteWebDriver.java:355)
	at Cashier.AccountSummaryTest.AccountSummarytest(AccountSummaryTest.java:35)
... Removed 29 stack frames</div></td></tr></table><p class="totop"><a href="#summary">back to summary</a></p><h2>AccountSummary2Test</h2><h2>AccountSummary3Test</h2></body></html>