<?xml version="1.0" encoding="UTF-8"?>
<!-- Generated by org.testng.reporters.JUnitXMLReporter -->
<testsuite hostname="NP-SADEKUNLE" ignored="3" tests="0" failures="0" timestamp="23 Mar 2017 20:02:57 GMT" time="0.001" errors="0">
  <testcase name="AccountBonusestest" time="0.0" classname="Cashier.AccountSummary3Test">
    <ignored/>
  </testcase> <!-- AccountBonusestest -->
  <testcase name="AccountSessiontest" time="0.0" classname="Cashier.AccountSummary3Test">
    <ignored/>
  </testcase> <!-- AccountSessiontest -->
  <testcase name="AccountGameHistorytest" time="0.0" classname="Cashier.AccountSummary3Test">
    <ignored/>
  </testcase> <!-- AccountGameHistorytest -->
</testsuite>
